{"/home/travis/build/npmtest/node-npmtest-node-etcd/test.js":{"path":"/home/travis/build/npmtest/node-npmtest-node-etcd/test.js","s":{"1":2,"2":2,"3":2,"4":2,"5":2,"6":2,"7":2,"8":1,"9":2,"10":2,"11":1,"12":1,"13":1,"14":1,"15":2,"16":2,"17":2,"18":2,"19":1,"20":1,"21":2,"22":2,"23":2,"24":1,"25":1,"26":1,"27":1,"28":1,"29":1,"30":1,"31":1,"32":1,"33":1,"34":1,"35":1,"36":1,"37":2,"38":2,"39":1,"40":2,"41":2,"42":1,"43":2,"44":2,"45":1,"46":2,"47":2,"48":1,"49":1,"50":1,"51":1,"52":1},"b":{"1":[2,1,1,1],"2":[1,1,1,1],"3":[1,1],"4":[1,1],"5":[1,1],"6":[1,1],"7":[1,1],"8":[1,1],"9":[1,1,1],"10":[1,1],"11":[1,1],"12":[1,1],"13":[1,1],"14":[1,1],"15":[1,1],"16":[1,1]},"f":{"1":2,"2":2,"3":2,"4":2,"5":2,"6":1,"7":1,"8":2,"9":2,"10":2,"11":2,"12":1},"fnMap":{"1":{"name":"(anonymous_1)","line":12,"loc":{"start":{"line":12,"column":1},"end":{"line":12,"column":13}}},"2":{"name":"(anonymous_2)","line":19,"loc":{"start":{"line":19,"column":5},"end":{"line":19,"column":17}}},"3":{"name":"(anonymous_3)","line":23,"loc":{"start":{"line":23,"column":24},"end":{"line":23,"column":36}}},"4":{"name":"(anonymous_4)","line":61,"loc":{"start":{"line":61,"column":5},"end":{"line":61,"column":17}}},"5":{"name":"(anonymous_5)","line":82,"loc":{"start":{"line":82,"column":5},"end":{"line":82,"column":17}}},"6":{"name":"(anonymous_6)","line":102,"loc":{"start":{"line":102,"column":83},"end":{"line":105,"column":10}},"skip":true},"7":{"name":"(anonymous_7)","line":113,"loc":{"start":{"line":113,"column":77},"end":{"line":116,"column":10}},"skip":true},"8":{"name":"(anonymous_8)","line":129,"loc":{"start":{"line":129,"column":12},"end":{"line":129,"column":40}},"skip":true},"9":{"name":"(anonymous_9)","line":137,"loc":{"start":{"line":137,"column":77},"end":{"line":140,"column":10}},"skip":true},"10":{"name":"(anonymous_10)","line":148,"loc":{"start":{"line":148,"column":83},"end":{"line":151,"column":10}},"skip":true},"11":{"name":"(anonymous_11)","line":159,"loc":{"start":{"line":159,"column":79},"end":{"line":162,"column":10}},"skip":true},"12":{"name":"(anonymous_12)","line":170,"loc":{"start":{"line":170,"column":75},"end":{"line":173,"column":10}},"skip":true}},"statementMap":{"1":{"start":{"line":12,"column":0},"end":{"line":185,"column":5}},"2":{"start":{"line":14,"column":4},"end":{"line":14,"column":14}},"3":{"start":{"line":19,"column":4},"end":{"line":56,"column":9}},"4":{"start":{"line":21,"column":8},"end":{"line":21,"column":19}},"5":{"start":{"line":23,"column":8},"end":{"line":35,"column":13}},"6":{"start":{"line":24,"column":12},"end":{"line":34,"column":13}},"7":{"start":{"line":25,"column":16},"end":{"line":28,"column":30}},"8":{"start":{"line":30,"column":16},"end":{"line":33,"column":27}},"9":{"start":{"line":37,"column":8},"end":{"line":39,"column":21}},"10":{"start":{"line":40,"column":8},"end":{"line":53,"column":9}},"11":{"start":{"line":43,"column":12},"end":{"line":46,"column":14}},"12":{"start":{"line":47,"column":12},"end":{"line":47,"column":18}},"13":{"start":{"line":50,"column":12},"end":{"line":51,"column":46}},"14":{"start":{"line":52,"column":12},"end":{"line":52,"column":18}},"15":{"start":{"line":55,"column":8},"end":{"line":55,"column":35}},"16":{"start":{"line":61,"column":4},"end":{"line":63,"column":9}},"17":{"start":{"line":62,"column":8},"end":{"line":62,"column":15}},"18":{"start":{"line":64,"column":4},"end":{"line":77,"column":5}},"19":{"start":{"line":70,"column":8},"end":{"line":70,"column":14}},"20":{"start":{"line":76,"column":8},"end":{"line":76,"column":14}},"21":{"start":{"line":82,"column":4},"end":{"line":84,"column":9}},"22":{"start":{"line":83,"column":8},"end":{"line":83,"column":15}},"23":{"start":{"line":85,"column":4},"end":{"line":184,"column":5}},"24":{"start":{"line":92,"column":8},"end":{"line":94,"column":63}},"25":{"start":{"line":95,"column":8},"end":{"line":95,"column":14}},"26":{"start":{"line":102,"column":8},"end":{"line":111,"column":10},"skip":true},"27":{"start":{"line":109,"column":12},"end":{"line":109,"column":55},"skip":true},"28":{"start":{"line":110,"column":12},"end":{"line":110,"column":48},"skip":true},"29":{"start":{"line":113,"column":8},"end":{"line":126,"column":10},"skip":true},"30":{"start":{"line":120,"column":12},"end":{"line":120,"column":76},"skip":true},"31":{"start":{"line":121,"column":12},"end":{"line":121,"column":73},"skip":true},"32":{"start":{"line":122,"column":12},"end":{"line":122,"column":74},"skip":true},"33":{"start":{"line":123,"column":12},"end":{"line":123,"column":79},"skip":true},"34":{"start":{"line":124,"column":12},"end":{"line":124,"column":25},"skip":true},"35":{"start":{"line":125,"column":12},"end":{"line":125,"column":45},"skip":true},"36":{"start":{"line":128,"column":8},"end":{"line":135,"column":14},"skip":true},"37":{"start":{"line":133,"column":16},"end":{"line":133,"column":29},"skip":true},"38":{"start":{"line":134,"column":16},"end":{"line":134,"column":55},"skip":true},"39":{"start":{"line":137,"column":8},"end":{"line":146,"column":10},"skip":true},"40":{"start":{"line":144,"column":12},"end":{"line":144,"column":25},"skip":true},"41":{"start":{"line":145,"column":12},"end":{"line":145,"column":45},"skip":true},"42":{"start":{"line":148,"column":8},"end":{"line":157,"column":10},"skip":true},"43":{"start":{"line":155,"column":12},"end":{"line":155,"column":25},"skip":true},"44":{"start":{"line":156,"column":12},"end":{"line":156,"column":48},"skip":true},"45":{"start":{"line":159,"column":8},"end":{"line":168,"column":10},"skip":true},"46":{"start":{"line":166,"column":12},"end":{"line":166,"column":25},"skip":true},"47":{"start":{"line":167,"column":12},"end":{"line":167,"column":46},"skip":true},"48":{"start":{"line":170,"column":8},"end":{"line":179,"column":10},"skip":true},"49":{"start":{"line":177,"column":12},"end":{"line":177,"column":94},"skip":true},"50":{"start":{"line":178,"column":12},"end":{"line":178,"column":48},"skip":true},"51":{"start":{"line":182,"column":8},"end":{"line":182,"column":35},"skip":true},"52":{"start":{"line":183,"column":8},"end":{"line":183,"column":14},"skip":true}},"branchMap":{"1":{"line":25,"type":"binary-expr","locations":[{"start":{"line":25,"column":23},"end":{"line":25,"column":62}},{"start":{"line":26,"column":20},"end":{"line":26,"column":70}},{"start":{"line":27,"column":20},"end":{"line":27,"column":71}},{"start":{"line":28,"column":20},"end":{"line":28,"column":29}}]},"2":{"line":30,"type":"binary-expr","locations":[{"start":{"line":30,"column":23},"end":{"line":30,"column":37}},{"start":{"line":31,"column":20},"end":{"line":31,"column":61}},{"start":{"line":32,"column":20},"end":{"line":32,"column":70}},{"start":{"line":33,"column":20},"end":{"line":33,"column":26}}]},"3":{"line":37,"type":"cond-expr","locations":[{"start":{"line":38,"column":14},"end":{"line":38,"column":20}},{"start":{"line":39,"column":14},"end":{"line":39,"column":20}}]},"4":{"line":40,"type":"switch","locations":[{"start":{"line":42,"column":8},"end":{"line":47,"column":18}},{"start":{"line":49,"column":8},"end":{"line":52,"column":18}}]},"5":{"line":44,"type":"binary-expr","locations":[{"start":{"line":44,"column":16},"end":{"line":44,"column":44}},{"start":{"line":44,"column":48},"end":{"line":44,"column":66}}]},"6":{"line":50,"type":"binary-expr","locations":[{"start":{"line":50,"column":21},"end":{"line":50,"column":49}},{"start":{"line":50,"column":53},"end":{"line":50,"column":72}}]},"7":{"line":64,"type":"switch","locations":[{"start":{"line":69,"column":4},"end":{"line":70,"column":14}},{"start":{"line":75,"column":4},"end":{"line":76,"column":14}}]},"8":{"line":85,"type":"switch","locations":[{"start":{"line":90,"column":4},"end":{"line":95,"column":14}},{"start":{"line":101,"column":4},"end":{"line":183,"column":14},"skip":true}]},"9":{"line":92,"type":"binary-expr","locations":[{"start":{"line":92,"column":18},"end":{"line":92,"column":32}},{"start":{"line":93,"column":12},"end":{"line":93,"column":53}},{"start":{"line":94,"column":12},"end":{"line":94,"column":61}}]},"10":{"line":102,"type":"binary-expr","locations":[{"start":{"line":102,"column":45},"end":{"line":102,"column":79},"skip":true},{"start":{"line":102,"column":83},"end":{"line":111,"column":9},"skip":true}]},"11":{"line":113,"type":"binary-expr","locations":[{"start":{"line":113,"column":42},"end":{"line":113,"column":73},"skip":true},{"start":{"line":113,"column":77},"end":{"line":126,"column":9},"skip":true}]},"12":{"line":128,"type":"binary-expr","locations":[{"start":{"line":128,"column":48},"end":{"line":128,"column":85},"skip":true},{"start":{"line":129,"column":12},"end":{"line":135,"column":13},"skip":true}]},"13":{"line":137,"type":"binary-expr","locations":[{"start":{"line":137,"column":42},"end":{"line":137,"column":73},"skip":true},{"start":{"line":137,"column":77},"end":{"line":146,"column":9},"skip":true}]},"14":{"line":148,"type":"binary-expr","locations":[{"start":{"line":148,"column":45},"end":{"line":148,"column":79},"skip":true},{"start":{"line":148,"column":83},"end":{"line":157,"column":9},"skip":true}]},"15":{"line":159,"type":"binary-expr","locations":[{"start":{"line":159,"column":43},"end":{"line":159,"column":75},"skip":true},{"start":{"line":159,"column":79},"end":{"line":168,"column":9},"skip":true}]},"16":{"line":170,"type":"binary-expr","locations":[{"start":{"line":170,"column":41},"end":{"line":170,"column":71},"skip":true},{"start":{"line":170,"column":75},"end":{"line":179,"column":9},"skip":true}]}},"code":["/* istanbul instrument in package npmtest_node_etcd */","/*jslint","    bitwise: true,","    browser: true,","    maxerr: 8,","    maxlen: 96,","    node: true,","    nomen: true,","    regexp: true,","    stupid: true","*/","(function () {","    'use strict';","    var local;","","","","    // run shared js-env code - pre-init","    (function () {","        // init local","        local = {};","        // init modeJs","        local.modeJs = (function () {","            try {","                return typeof navigator.userAgent === 'string' &&","                    typeof document.querySelector('body') === 'object' &&","                    typeof XMLHttpRequest.prototype.open === 'function' &&","                    'browser';","            } catch (errorCaughtBrowser) {","                return module.exports &&","                    typeof process.versions.node === 'string' &&","                    typeof require('http').createServer === 'function' &&","                    'node';","            }","        }());","        // init global","        local.global = local.modeJs === 'browser'","            ? window","            : global;","        switch (local.modeJs) {","        // re-init local from window.local","        case 'browser':","            local = local.global.utility2.objectSetDefault(","                local.global.utility2_rollup || local.global.local,","                local.global.utility2","            );","            break;","        // re-init local from example.js","        case 'node':","            local = (local.global.utility2_rollup || require('utility2'))","                .requireExampleJsFromReadme();","            break;","        }","        // export local","        local.global.local = local;","    }());","","","","    // run shared js-env code - function","    (function () {","        return;","    }());","    switch (local.modeJs) {","","","","    // run browser js-env code - function","    case 'browser':","        break;","","","","    // run node js-env code - function","    case 'node':","        break;","    }","","","","    // run shared js-env code - post-init","    (function () {","        return;","    }());","    switch (local.modeJs) {","","","","    // run browser js-env code - post-init","    case 'browser':","        // run tests","        local.nop(local.modeTest &&","            document.querySelector('#testRunButton1') &&","            document.querySelector('#testRunButton1').click());","        break;","","","","    // run node js-env code - post-init","    /* istanbul ignore next */","    case 'node':","        local.testCase_buildApidoc_default = local.testCase_buildApidoc_default || function (","            options,","            onError","        ) {","        /*","         * this function will test buildApidoc's default handling-behavior-behavior","         */","            options = { modulePathList: module.paths };","            local.buildApidoc(options, onError);","        };","","        local.testCase_buildApp_default = local.testCase_buildApp_default || function (","            options,","            onError","        ) {","        /*","         * this function will test buildApp's default handling-behavior-behavior","         */","            local.testCase_buildReadme_default(options, local.onErrorThrow);","            local.testCase_buildLib_default(options, local.onErrorThrow);","            local.testCase_buildTest_default(options, local.onErrorThrow);","            local.testCase_buildCustomOrg_default(options, local.onErrorThrow);","            options = [];","            local.buildApp(options, onError);","        };","","        local.testCase_buildCustomOrg_default = local.testCase_buildCustomOrg_default ||","            function (options, onError) {","            /*","             * this function will test buildCustomOrg's default handling-behavior","             */","                options = {};","                local.buildCustomOrg(options, onError);","            };","","        local.testCase_buildLib_default = local.testCase_buildLib_default || function (","            options,","            onError","        ) {","        /*","         * this function will test buildLib's default handling-behavior","         */","            options = {};","            local.buildLib(options, onError);","        };","","        local.testCase_buildReadme_default = local.testCase_buildReadme_default || function (","            options,","            onError","        ) {","        /*","         * this function will test buildReadme's default handling-behavior-behavior","         */","            options = {};","            local.buildReadme(options, onError);","        };","","        local.testCase_buildTest_default = local.testCase_buildTest_default || function (","            options,","            onError","        ) {","        /*","         * this function will test buildTest's default handling-behavior","         */","            options = {};","            local.buildTest(options, onError);","        };","","        local.testCase_webpage_default = local.testCase_webpage_default || function (","            options,","            onError","        ) {","        /*","         * this function will test webpage's default handling-behavior","         */","            options = { modeCoverageMerge: true, url: local.serverLocalHost + '?modeTest=1' };","            local.browserTest(options, onError);","        };","","        // run test-server","        local.testRunServer(local);","        break;","    }","}());",""],"l":{"12":2,"14":2,"19":2,"21":2,"23":2,"24":2,"25":2,"30":1,"37":2,"40":2,"43":1,"47":1,"50":1,"52":1,"55":2,"61":2,"62":2,"64":2,"70":1,"76":1,"82":2,"83":2,"85":2,"92":1,"95":1,"102":1,"109":1,"110":1,"113":1,"120":1,"121":1,"122":1,"123":1,"124":1,"125":1,"128":1,"133":2,"134":2,"137":1,"144":2,"145":2,"148":1,"155":2,"156":2,"159":1,"166":2,"167":2,"170":1,"177":1,"178":1,"182":1,"183":1}},"/home/travis/build/npmtest/node-npmtest-node-etcd/lib.npmtest_node_etcd.js":{"path":"/home/travis/build/npmtest/node-npmtest-node-etcd/lib.npmtest_node_etcd.js","s":{"1":2,"2":2,"3":2,"4":2,"5":2,"6":2,"7":2,"8":1,"9":2,"10":2,"11":2,"12":2,"13":1,"14":1,"15":1,"16":1},"b":{"1":[2,1,1,1],"2":[1,1,1,1],"3":[1,1],"4":[2,2],"5":[1,1]},"f":{"1":2,"2":2,"3":2},"fnMap":{"1":{"name":"(anonymous_1)","line":12,"loc":{"start":{"line":12,"column":1},"end":{"line":12,"column":13}}},"2":{"name":"(anonymous_2)","line":19,"loc":{"start":{"line":19,"column":5},"end":{"line":19,"column":17}}},"3":{"name":"(anonymous_3)","line":23,"loc":{"start":{"line":23,"column":24},"end":{"line":23,"column":36}}}},"statementMap":{"1":{"start":{"line":12,"column":0},"end":{"line":53,"column":5}},"2":{"start":{"line":14,"column":4},"end":{"line":14,"column":14}},"3":{"start":{"line":19,"column":4},"end":{"line":52,"column":9}},"4":{"start":{"line":21,"column":8},"end":{"line":21,"column":19}},"5":{"start":{"line":23,"column":8},"end":{"line":35,"column":13}},"6":{"start":{"line":24,"column":12},"end":{"line":34,"column":13}},"7":{"start":{"line":25,"column":16},"end":{"line":28,"column":30}},"8":{"start":{"line":30,"column":16},"end":{"line":33,"column":27}},"9":{"start":{"line":37,"column":8},"end":{"line":39,"column":21}},"10":{"start":{"line":41,"column":8},"end":{"line":41,"column":54}},"11":{"start":{"line":43,"column":8},"end":{"line":43,"column":54}},"12":{"start":{"line":45,"column":8},"end":{"line":51,"column":9}},"13":{"start":{"line":46,"column":12},"end":{"line":46,"column":60}},"14":{"start":{"line":48,"column":12},"end":{"line":48,"column":35}},"15":{"start":{"line":49,"column":12},"end":{"line":49,"column":49}},"16":{"start":{"line":50,"column":12},"end":{"line":50,"column":43}}},"branchMap":{"1":{"line":25,"type":"binary-expr","locations":[{"start":{"line":25,"column":23},"end":{"line":25,"column":62}},{"start":{"line":26,"column":20},"end":{"line":26,"column":70}},{"start":{"line":27,"column":20},"end":{"line":27,"column":71}},{"start":{"line":28,"column":20},"end":{"line":28,"column":29}}]},"2":{"line":30,"type":"binary-expr","locations":[{"start":{"line":30,"column":23},"end":{"line":30,"column":37}},{"start":{"line":31,"column":20},"end":{"line":31,"column":61}},{"start":{"line":32,"column":20},"end":{"line":32,"column":70}},{"start":{"line":33,"column":20},"end":{"line":33,"column":26}}]},"3":{"line":37,"type":"cond-expr","locations":[{"start":{"line":38,"column":14},"end":{"line":38,"column":20}},{"start":{"line":39,"column":14},"end":{"line":39,"column":20}}]},"4":{"line":41,"type":"binary-expr","locations":[{"start":{"line":41,"column":16},"end":{"line":41,"column":44}},{"start":{"line":41,"column":48},"end":{"line":41,"column":53}}]},"5":{"line":45,"type":"if","locations":[{"start":{"line":45,"column":8},"end":{"line":45,"column":8}},{"start":{"line":45,"column":8},"end":{"line":45,"column":8}}]}},"code":["/* istanbul instrument in package npmtest_node_etcd */","/*jslint","    bitwise: true,","    browser: true,","    maxerr: 8,","    maxlen: 96,","    node: true,","    nomen: true,","    regexp: true,","    stupid: true","*/","(function () {","    'use strict';","    var local;","","","","    // run shared js-env code - pre-init","    (function () {","        // init local","        local = {};","        // init modeJs","        local.modeJs = (function () {","            try {","                return typeof navigator.userAgent === 'string' &&","                    typeof document.querySelector('body') === 'object' &&","                    typeof XMLHttpRequest.prototype.open === 'function' &&","                    'browser';","            } catch (errorCaughtBrowser) {","                return module.exports &&","                    typeof process.versions.node === 'string' &&","                    typeof require('http').createServer === 'function' &&","                    'node';","            }","        }());","        // init global","        local.global = local.modeJs === 'browser'","            ? window","            : global;","        // init utility2_rollup","        local = local.global.utility2_rollup || local;","        // init lib","        local.local = local.npmtest_node_etcd = local;","        // init exports","        if (local.modeJs === 'browser') {","            local.global.utility2_npmtest_node_etcd = local;","        } else {","            module.exports = local;","            module.exports.__dirname = __dirname;","            module.exports.module = module;","        }","    }());","}());",""],"l":{"12":2,"14":2,"19":2,"21":2,"23":2,"24":2,"25":2,"30":1,"37":2,"41":2,"43":2,"45":2,"46":1,"48":1,"49":1,"50":1}},"/home/travis/build/npmtest/node-npmtest-node-etcd/example.js":{"path":"/home/travis/build/npmtest/node-npmtest-node-etcd/example.js","s":{"1":2,"2":2,"3":2,"4":2,"5":2,"6":2,"7":2,"8":1,"9":2,"10":2,"11":2,"12":2,"13":1,"14":2,"15":2,"16":2,"17":2,"18":2,"19":0,"20":2,"21":1,"22":1,"23":1,"24":1,"25":1,"26":0,"27":0,"28":1,"29":1,"30":2,"31":0,"32":0,"33":0,"34":1,"35":2,"36":2,"37":2,"38":2,"39":2,"40":2,"41":0,"42":2,"43":2,"44":2,"45":1,"46":3,"47":1,"48":1,"49":1,"50":1,"51":1,"52":1,"53":1,"54":1,"55":1,"56":1,"57":0,"58":1,"59":6,"60":6,"61":1,"62":2,"63":0,"64":2,"65":1,"66":1,"67":0,"68":0,"69":0,"70":0,"71":0,"72":0,"73":0,"74":0,"75":0,"76":0,"77":0,"78":0,"79":0,"80":0,"81":0,"82":0,"83":0},"b":{"1":[2,1,1,1],"2":[1,1,1,1],"3":[1,1],"4":[2,2],"5":[1,1],"6":[1,1],"7":[2,0],"8":[2,1,1,1,1,1],"9":[0,2,0],"10":[1,1],"11":[2,1,1],"12":[1,0],"13":[0,2],"14":[2,0,0,0,0,0,0],"15":[0,2],"16":[2,0],"17":[1,1],"18":[0,1],"19":[1,2,0,2],"20":[1,0],"21":[1,1],"22":[0,0],"23":[0,0],"24":[0,0],"25":[0,0],"26":[0,0],"27":[0,0],"28":[0,0]},"f":{"1":2,"2":2,"3":2,"4":2,"5":2,"6":2,"7":2,"8":2,"9":3,"10":1,"11":6,"12":0},"fnMap":{"1":{"name":"(anonymous_1)","line":26,"loc":{"start":{"line":26,"column":1},"end":{"line":26,"column":13}}},"2":{"name":"(anonymous_2)","line":33,"loc":{"start":{"line":33,"column":5},"end":{"line":33,"column":17}}},"3":{"name":"(anonymous_3)","line":37,"loc":{"start":{"line":37,"column":24},"end":{"line":37,"column":36}}},"4":{"name":"(anonymous_4)","line":69,"loc":{"start":{"line":69,"column":31},"end":{"line":69,"column":48}},"skip":true},"5":{"name":"(anonymous_5)","line":78,"loc":{"start":{"line":78,"column":26},"end":{"line":78,"column":45}},"skip":true},"6":{"name":"(anonymous_6)","line":123,"loc":{"start":{"line":123,"column":33},"end":{"line":123,"column":48}},"skip":true},"7":{"name":"(anonymous_7)","line":125,"loc":{"start":{"line":125,"column":27},"end":{"line":125,"column":39}},"skip":true},"8":{"name":"(anonymous_8)","line":133,"loc":{"start":{"line":133,"column":59},"end":{"line":133,"column":74}},"skip":true},"9":{"name":"(anonymous_9)","line":143,"loc":{"start":{"line":143,"column":45},"end":{"line":143,"column":62}},"skip":true},"10":{"name":"(anonymous_10)","line":144,"loc":{"start":{"line":144,"column":73},"end":{"line":144,"column":92}},"skip":true},"11":{"name":"(anonymous_11)","line":272,"loc":{"start":{"line":272,"column":51},"end":{"line":272,"column":77}},"skip":true},"12":{"name":"(anonymous_12)","line":314,"loc":{"start":{"line":314,"column":32},"end":{"line":314,"column":61}},"skip":true}},"statementMap":{"1":{"start":{"line":26,"column":0},"end":{"line":325,"column":5}},"2":{"start":{"line":28,"column":4},"end":{"line":28,"column":14}},"3":{"start":{"line":33,"column":4},"end":{"line":60,"column":9}},"4":{"start":{"line":35,"column":8},"end":{"line":35,"column":19}},"5":{"start":{"line":37,"column":8},"end":{"line":49,"column":13}},"6":{"start":{"line":38,"column":12},"end":{"line":48,"column":13}},"7":{"start":{"line":39,"column":16},"end":{"line":42,"column":30}},"8":{"start":{"line":44,"column":16},"end":{"line":47,"column":27}},"9":{"start":{"line":51,"column":8},"end":{"line":53,"column":21}},"10":{"start":{"line":55,"column":8},"end":{"line":57,"column":45}},"11":{"start":{"line":59,"column":8},"end":{"line":59,"column":35}},"12":{"start":{"line":61,"column":4},"end":{"line":324,"column":5}},"13":{"start":{"line":69,"column":8},"end":{"line":121,"column":10},"skip":true},"14":{"start":{"line":70,"column":12},"end":{"line":88,"column":13},"skip":true},"15":{"start":{"line":76,"column":16},"end":{"line":87,"column":19},"skip":true},"16":{"start":{"line":79,"column":20},"end":{"line":86,"column":21},"skip":true},"17":{"start":{"line":82,"column":24},"end":{"line":82,"column":43},"skip":true},"18":{"start":{"line":83,"column":24},"end":{"line":83,"column":30},"skip":true},"19":{"start":{"line":85,"column":24},"end":{"line":85,"column":49},"skip":true},"20":{"start":{"line":89,"column":12},"end":{"line":107,"column":13},"skip":true},"21":{"start":{"line":92,"column":16},"end":{"line":102,"column":17},"skip":true},"22":{"start":{"line":93,"column":20},"end":{"line":93,"column":86},"skip":true},"23":{"start":{"line":94,"column":20},"end":{"line":95,"column":45},"skip":true},"24":{"start":{"line":96,"column":20},"end":{"line":96,"column":42},"skip":true},"25":{"start":{"line":97,"column":20},"end":{"line":97,"column":48},"skip":true},"26":{"start":{"line":100,"column":20},"end":{"line":100,"column":85},"skip":true},"27":{"start":{"line":101,"column":20},"end":{"line":101,"column":96},"skip":true},"28":{"start":{"line":103,"column":16},"end":{"line":103,"column":22},"skip":true},"29":{"start":{"line":106,"column":16},"end":{"line":106,"column":22},"skip":true},"30":{"start":{"line":108,"column":12},"end":{"line":120,"column":13},"skip":true},"31":{"start":{"line":114,"column":16},"end":{"line":119,"column":17},"skip":true},"32":{"start":{"line":116,"column":20},"end":{"line":116,"column":78},"skip":true},"33":{"start":{"line":118,"column":20},"end":{"line":118,"column":47},"skip":true},"34":{"start":{"line":123,"column":8},"end":{"line":141,"column":11},"skip":true},"35":{"start":{"line":124,"column":12},"end":{"line":124,"column":54},"skip":true},"36":{"start":{"line":125,"column":12},"end":{"line":140,"column":14},"skip":true},"37":{"start":{"line":126,"column":16},"end":{"line":126,"column":28},"skip":true},"38":{"start":{"line":127,"column":16},"end":{"line":127,"column":69},"skip":true},"39":{"start":{"line":128,"column":16},"end":{"line":128,"column":75},"skip":true},"40":{"start":{"line":129,"column":16},"end":{"line":131,"column":17},"skip":true},"41":{"start":{"line":130,"column":20},"end":{"line":130,"column":27},"skip":true},"42":{"start":{"line":133,"column":16},"end":{"line":137,"column":36},"skip":true},"43":{"start":{"line":134,"column":20},"end":{"line":136,"column":55},"skip":true},"44":{"start":{"line":139,"column":16},"end":{"line":139,"column":57},"skip":true},"45":{"start":{"line":143,"column":8},"end":{"line":147,"column":11},"skip":true},"46":{"start":{"line":144,"column":12},"end":{"line":146,"column":15},"skip":true},"47":{"start":{"line":145,"column":16},"end":{"line":145,"column":70},"skip":true},"48":{"start":{"line":149,"column":8},"end":{"line":149,"column":31},"skip":true},"49":{"start":{"line":150,"column":8},"end":{"line":150,"column":14},"skip":true},"50":{"start":{"line":158,"column":8},"end":{"line":158,"column":31},"skip":true},"51":{"start":{"line":160,"column":8},"end":{"line":160,"column":33},"skip":true},"52":{"start":{"line":161,"column":8},"end":{"line":161,"column":37},"skip":true},"53":{"start":{"line":162,"column":8},"end":{"line":162,"column":35},"skip":true},"54":{"start":{"line":164,"column":8},"end":{"line":164,"column":50},"skip":true},"55":{"start":{"line":166,"column":8},"end":{"line":256,"column":2},"skip":true},"56":{"start":{"line":258,"column":8},"end":{"line":286,"column":9},"skip":true},"57":{"start":{"line":259,"column":12},"end":{"line":269,"column":14},"skip":true},"58":{"start":{"line":271,"column":12},"end":{"line":285,"column":19},"skip":true},"59":{"start":{"line":274,"column":20},"end":{"line":274,"column":35},"skip":true},"60":{"start":{"line":275,"column":20},"end":{"line":284,"column":21},"skip":true},"61":{"start":{"line":277,"column":24},"end":{"line":277,"column":64},"skip":true},"62":{"start":{"line":279,"column":24},"end":{"line":279,"column":40},"skip":true},"63":{"start":{"line":281,"column":24},"end":{"line":281,"column":40},"skip":true},"64":{"start":{"line":283,"column":24},"end":{"line":283,"column":39},"skip":true},"65":{"start":{"line":288,"column":8},"end":{"line":290,"column":9},"skip":true},"66":{"start":{"line":289,"column":12},"end":{"line":289,"column":18},"skip":true},"67":{"start":{"line":291,"column":8},"end":{"line":293,"column":54},"skip":true},"68":{"start":{"line":294,"column":8},"end":{"line":301,"column":37},"skip":true},"69":{"start":{"line":302,"column":8},"end":{"line":302,"column":82},"skip":true},"70":{"start":{"line":305,"column":8},"end":{"line":307,"column":9},"skip":true},"71":{"start":{"line":306,"column":12},"end":{"line":306,"column":82},"skip":true},"72":{"start":{"line":309,"column":8},"end":{"line":311,"column":9},"skip":true},"73":{"start":{"line":310,"column":12},"end":{"line":310,"column":18},"skip":true},"74":{"start":{"line":312,"column":8},"end":{"line":312,"column":54},"skip":true},"75":{"start":{"line":313,"column":8},"end":{"line":313,"column":69},"skip":true},"76":{"start":{"line":314,"column":8},"end":{"line":322,"column":36},"skip":true},"77":{"start":{"line":315,"column":12},"end":{"line":315,"column":61},"skip":true},"78":{"start":{"line":316,"column":12},"end":{"line":319,"column":13},"skip":true},"79":{"start":{"line":317,"column":16},"end":{"line":317,"column":75},"skip":true},"80":{"start":{"line":318,"column":16},"end":{"line":318,"column":23},"skip":true},"81":{"start":{"line":320,"column":12},"end":{"line":320,"column":38},"skip":true},"82":{"start":{"line":321,"column":12},"end":{"line":321,"column":27},"skip":true},"83":{"start":{"line":323,"column":8},"end":{"line":323,"column":14},"skip":true}},"branchMap":{"1":{"line":39,"type":"binary-expr","locations":[{"start":{"line":39,"column":23},"end":{"line":39,"column":62}},{"start":{"line":40,"column":20},"end":{"line":40,"column":70}},{"start":{"line":41,"column":20},"end":{"line":41,"column":71}},{"start":{"line":42,"column":20},"end":{"line":42,"column":29}}]},"2":{"line":44,"type":"binary-expr","locations":[{"start":{"line":44,"column":23},"end":{"line":44,"column":37}},{"start":{"line":45,"column":20},"end":{"line":45,"column":61}},{"start":{"line":46,"column":20},"end":{"line":46,"column":70}},{"start":{"line":47,"column":20},"end":{"line":47,"column":26}}]},"3":{"line":51,"type":"cond-expr","locations":[{"start":{"line":52,"column":14},"end":{"line":52,"column":20}},{"start":{"line":53,"column":14},"end":{"line":53,"column":20}}]},"4":{"line":55,"type":"binary-expr","locations":[{"start":{"line":55,"column":16},"end":{"line":55,"column":44}},{"start":{"line":55,"column":49},"end":{"line":57,"column":43}}]},"5":{"line":55,"type":"cond-expr","locations":[{"start":{"line":56,"column":14},"end":{"line":56,"column":53}},{"start":{"line":57,"column":14},"end":{"line":57,"column":43}}]},"6":{"line":61,"type":"switch","locations":[{"start":{"line":68,"column":4},"end":{"line":150,"column":14},"skip":true},{"start":{"line":156,"column":4},"end":{"line":323,"column":14},"skip":true}]},"7":{"line":70,"type":"if","locations":[{"start":{"line":70,"column":12},"end":{"line":70,"column":12},"skip":true},{"start":{"line":70,"column":12},"end":{"line":70,"column":12},"skip":true}]},"8":{"line":70,"type":"binary-expr","locations":[{"start":{"line":70,"column":16},"end":{"line":70,"column":22},"skip":true},{"start":{"line":70,"column":27},"end":{"line":70,"column":32},"skip":true},{"start":{"line":71,"column":20},"end":{"line":71,"column":39},"skip":true},{"start":{"line":72,"column":20},"end":{"line":72,"column":49},"skip":true},{"start":{"line":73,"column":20},"end":{"line":73,"column":58},"skip":true},{"start":{"line":74,"column":20},"end":{"line":74,"column":69},"skip":true}]},"9":{"line":79,"type":"switch","locations":[{"start":{"line":80,"column":20},"end":{"line":80,"column":33},"skip":true},{"start":{"line":81,"column":20},"end":{"line":83,"column":30},"skip":true},{"start":{"line":84,"column":20},"end":{"line":85,"column":49},"skip":true}]},"10":{"line":89,"type":"switch","locations":[{"start":{"line":90,"column":12},"end":{"line":103,"column":22},"skip":true},{"start":{"line":105,"column":12},"end":{"line":106,"column":22},"skip":true}]},"11":{"line":89,"type":"binary-expr","locations":[{"start":{"line":89,"column":20},"end":{"line":89,"column":25},"skip":true},{"start":{"line":89,"column":29},"end":{"line":89,"column":48},"skip":true},{"start":{"line":89,"column":52},"end":{"line":89,"column":74},"skip":true}]},"12":{"line":92,"type":"if","locations":[{"start":{"line":92,"column":16},"end":{"line":92,"column":16},"skip":true},{"start":{"line":92,"column":16},"end":{"line":92,"column":16},"skip":true}]},"13":{"line":108,"type":"if","locations":[{"start":{"line":108,"column":12},"end":{"line":108,"column":12},"skip":true},{"start":{"line":108,"column":12},"end":{"line":108,"column":12},"skip":true}]},"14":{"line":108,"type":"binary-expr","locations":[{"start":{"line":108,"column":16},"end":{"line":108,"column":61},"skip":true},{"start":{"line":108,"column":66},"end":{"line":108,"column":72},"skip":true},{"start":{"line":108,"column":77},"end":{"line":108,"column":82},"skip":true},{"start":{"line":109,"column":20},"end":{"line":109,"column":39},"skip":true},{"start":{"line":110,"column":20},"end":{"line":110,"column":49},"skip":true},{"start":{"line":111,"column":20},"end":{"line":111,"column":58},"skip":true},{"start":{"line":112,"column":20},"end":{"line":112,"column":68},"skip":true}]},"15":{"line":129,"type":"if","locations":[{"start":{"line":129,"column":16},"end":{"line":129,"column":16},"skip":true},{"start":{"line":129,"column":16},"end":{"line":129,"column":16},"skip":true}]},"16":{"line":134,"type":"cond-expr","locations":[{"start":{"line":135,"column":26},"end":{"line":135,"column":29},"skip":true},{"start":{"line":136,"column":26},"end":{"line":136,"column":54},"skip":true}]},"17":{"line":164,"type":"binary-expr","locations":[{"start":{"line":164,"column":27},"end":{"line":164,"column":43},"skip":true},{"start":{"line":164,"column":47},"end":{"line":164,"column":49},"skip":true}]},"18":{"line":258,"type":"if","locations":[{"start":{"line":258,"column":8},"end":{"line":258,"column":8},"skip":true},{"start":{"line":258,"column":8},"end":{"line":258,"column":8},"skip":true}]},"19":{"line":275,"type":"switch","locations":[{"start":{"line":276,"column":20},"end":{"line":277,"column":64},"skip":true},{"start":{"line":278,"column":20},"end":{"line":279,"column":40},"skip":true},{"start":{"line":280,"column":20},"end":{"line":281,"column":40},"skip":true},{"start":{"line":282,"column":20},"end":{"line":283,"column":39},"skip":true}]},"20":{"line":288,"type":"if","locations":[{"start":{"line":288,"column":8},"end":{"line":288,"column":8},"skip":true},{"start":{"line":288,"column":8},"end":{"line":288,"column":8},"skip":true}]},"21":{"line":288,"type":"binary-expr","locations":[{"start":{"line":288,"column":12},"end":{"line":288,"column":40},"skip":true},{"start":{"line":288,"column":44},"end":{"line":288,"column":67},"skip":true}]},"22":{"line":292,"type":"binary-expr","locations":[{"start":{"line":292,"column":12},"end":{"line":292,"column":50},"skip":true},{"start":{"line":293,"column":12},"end":{"line":293,"column":53},"skip":true}]},"23":{"line":295,"type":"binary-expr","locations":[{"start":{"line":295,"column":12},"end":{"line":295,"column":67},"skip":true},{"start":{"line":296,"column":12},"end":{"line":301,"column":36},"skip":true}]},"24":{"line":302,"type":"binary-expr","locations":[{"start":{"line":302,"column":43},"end":{"line":302,"column":75},"skip":true},{"start":{"line":302,"column":79},"end":{"line":302,"column":81},"skip":true}]},"25":{"line":305,"type":"if","locations":[{"start":{"line":305,"column":8},"end":{"line":305,"column":8},"skip":true},{"start":{"line":305,"column":8},"end":{"line":305,"column":8},"skip":true}]},"26":{"line":309,"type":"if","locations":[{"start":{"line":309,"column":8},"end":{"line":309,"column":8},"skip":true},{"start":{"line":309,"column":8},"end":{"line":309,"column":8},"skip":true}]},"27":{"line":312,"type":"binary-expr","locations":[{"start":{"line":312,"column":27},"end":{"line":312,"column":43},"skip":true},{"start":{"line":312,"column":47},"end":{"line":312,"column":53},"skip":true}]},"28":{"line":316,"type":"if","locations":[{"start":{"line":316,"column":12},"end":{"line":316,"column":12},"skip":true},{"start":{"line":316,"column":12},"end":{"line":316,"column":12},"skip":true}]}},"code":["/*","example.js","","quickstart example","","instruction","    1. save this script as example.js","    2. run the shell command:","        $ npm install npmtest-node-etcd && PORT=8081 node example.js","    3. play with the browser-demo on http://127.0.0.1:8081","*/","","","","/* istanbul instrument in package npmtest_node_etcd */","/*jslint","    bitwise: true,","    browser: true,","    maxerr: 8,","    maxlen: 96,","    node: true,","    nomen: true,","    regexp: true,","    stupid: true","*/","(function () {","    'use strict';","    var local;","","","","    // run shared js-env code - pre-init","    (function () {","        // init local","        local = {};","        // init modeJs","        local.modeJs = (function () {","            try {","                return typeof navigator.userAgent === 'string' &&","                    typeof document.querySelector('body') === 'object' &&","                    typeof XMLHttpRequest.prototype.open === 'function' &&","                    'browser';","            } catch (errorCaughtBrowser) {","                return module.exports &&","                    typeof process.versions.node === 'string' &&","                    typeof require('http').createServer === 'function' &&","                    'node';","            }","        }());","        // init global","        local.global = local.modeJs === 'browser'","            ? window","            : global;","        // init utility2_rollup","        local = local.global.utility2_rollup || (local.modeJs === 'browser'","            ? local.global.utility2_npmtest_node_etcd","            : global.utility2_moduleExports);","        // export local","        local.global.local = local;","    }());","    switch (local.modeJs) {","","","","    // post-init","    // run browser js-env code - post-init","    /* istanbul ignore next */","    case 'browser':","        local.testRunBrowser = function (event) {","            if (!event || (event &&","                    event.currentTarget &&","                    event.currentTarget.className &&","                    event.currentTarget.className.includes &&","                    event.currentTarget.className.includes('onreset'))) {","                // reset output","                Array.from(","                    document.querySelectorAll('body > .resettable')","                ).forEach(function (element) {","                    switch (element.tagName) {","                    case 'INPUT':","                    case 'TEXTAREA':","                        element.value = '';","                        break;","                    default:","                        element.textContent = '';","                    }","                });","            }","            switch (event && event.currentTarget && event.currentTarget.id) {","            case 'testRunButton1':","                // show tests","                if (document.querySelector('#testReportDiv1').style.display === 'none') {","                    document.querySelector('#testReportDiv1').style.display = 'block';","                    document.querySelector('#testRunButton1').textContent =","                        'hide internal test';","                    local.modeTest = true;","                    local.testRunDefault(local);","                // hide tests","                } else {","                    document.querySelector('#testReportDiv1').style.display = 'none';","                    document.querySelector('#testRunButton1').textContent = 'run internal test';","                }","                break;","            // custom-case","            default:","                break;","            }","            if (document.querySelector('#inputTextareaEval1') && (!event || (event &&","                    event.currentTarget &&","                    event.currentTarget.className &&","                    event.currentTarget.className.includes &&","                    event.currentTarget.className.includes('oneval')))) {","                // try to eval input-code","                try {","                    /*jslint evil: true*/","                    eval(document.querySelector('#inputTextareaEval1').value);","                } catch (errorCaught) {","                    console.error(errorCaught);","                }","            }","        };","        // log stderr and stdout to #outputTextareaStdout1","        ['error', 'log'].forEach(function (key) {","            console[key + '_original'] = console[key];","            console[key] = function () {","                var element;","                console[key + '_original'].apply(console, arguments);","                element = document.querySelector('#outputTextareaStdout1');","                if (!element) {","                    return;","                }","                // append text to #outputTextareaStdout1","                element.value += Array.from(arguments).map(function (arg) {","                    return typeof arg === 'string'","                        ? arg","                        : JSON.stringify(arg, null, 4);","                }).join(' ') + '\\n';","                // scroll textarea to bottom","                element.scrollTop = element.scrollHeight;","            };","        });","        // init event-handling","        ['change', 'click', 'keyup'].forEach(function (event) {","            Array.from(document.querySelectorAll('.on' + event)).forEach(function (element) {","                element.addEventListener(event, local.testRunBrowser);","            });","        });","        // run tests","        local.testRunBrowser();","        break;","","","","    // run node js-env code - post-init","    /* istanbul ignore next */","    case 'node':","        // export local","        module.exports = local;","        // require modules","        local.fs = require('fs');","        local.http = require('http');","        local.url = require('url');","        // init assets","        local.assetsDict = local.assetsDict || {};","        /* jslint-ignore-begin */","        local.assetsDict['/assets.index.template.html'] = '\\","<!doctype html>\\n\\","<html lang=\"en\">\\n\\","<head>\\n\\","<meta charset=\"UTF-8\">\\n\\","<meta name=\"viewport\" content=\"width=device-width, initial-scale=1\">\\n\\","<title>{{env.npm_package_name}} (v{{env.npm_package_version}})</title>\\n\\","<style>\\n\\","/*csslint\\n\\","    box-sizing: false,\\n\\","    universal-selector: false\\n\\","*/\\n\\","* {\\n\\","    box-sizing: border-box;\\n\\","}\\n\\","body {\\n\\","    background: #dde;\\n\\","    font-family: Arial, Helvetica, sans-serif;\\n\\","    margin: 2rem;\\n\\","}\\n\\","body > * {\\n\\","    margin-bottom: 1rem;\\n\\","}\\n\\",".utility2FooterDiv {\\n\\","    margin-top: 20px;\\n\\","    text-align: center;\\n\\","}\\n\\","</style>\\n\\","<style>\\n\\","/*csslint\\n\\","*/\\n\\","textarea {\\n\\","    font-family: monospace;\\n\\","    height: 10rem;\\n\\","    width: 100%;\\n\\","}\\n\\","textarea[readonly] {\\n\\","    background: #ddd;\\n\\","}\\n\\","</style>\\n\\","</head>\\n\\","<body>\\n\\","<!-- utility2-comment\\n\\","<div id=\"ajaxProgressDiv1\" style=\"background: #d00; height: 2px; left: 0; margin: 0; padding: 0; position: fixed; top: 0; transition: background 0.5s, width 1.5s; width: 25%;\"></div>\\n\\","utility2-comment -->\\n\\","<h1>\\n\\","<!-- utility2-comment\\n\\","    <a\\n\\","        {{#if env.npm_package_homepage}}\\n\\","        href=\"{{env.npm_package_homepage}}\"\\n\\","        {{/if env.npm_package_homepage}}\\n\\","        target=\"_blank\"\\n\\","    >\\n\\","utility2-comment -->\\n\\","        {{env.npm_package_name}} (v{{env.npm_package_version}})\\n\\","<!-- utility2-comment\\n\\","    </a>\\n\\","utility2-comment -->\\n\\","</h1>\\n\\","<h3>{{env.npm_package_description}}</h3>\\n\\","<!-- utility2-comment\\n\\","<h4><a download href=\"assets.app.js\">download standalone app</a></h4>\\n\\","<button class=\"onclick onreset\" id=\"testRunButton1\">run internal test</button><br>\\n\\","<div id=\"testReportDiv1\" style=\"display: none;\"></div>\\n\\","utility2-comment -->\\n\\","\\n\\","\\n\\","\\n\\","<label>stderr and stdout</label>\\n\\","<textarea class=\"resettable\" id=\"outputTextareaStdout1\" readonly></textarea>\\n\\","<!-- utility2-comment\\n\\","{{#if isRollup}}\\n\\","<script src=\"assets.app.js\"></script>\\n\\","{{#unless isRollup}}\\n\\","utility2-comment -->\\n\\","<script src=\"assets.utility2.rollup.js\"></script>\\n\\","<script src=\"jsonp.utility2._stateInit?callback=window.utility2._stateInit\"></script>\\n\\","<script src=\"assets.npmtest_node_etcd.rollup.js\"></script>\\n\\","<script src=\"assets.example.js\"></script>\\n\\","<script src=\"assets.test.js\"></script>\\n\\","<!-- utility2-comment\\n\\","{{/if isRollup}}\\n\\","utility2-comment -->\\n\\","<div class=\"utility2FooterDiv\">\\n\\","    [ this app was created with\\n\\","    <a href=\"https://github.com/kaizhu256/node-utility2\" target=\"_blank\">utility2</a>\\n\\","    ]\\n\\","</div>\\n\\","</body>\\n\\","</html>\\n\\","';","        /* jslint-ignore-end */","        if (local.templateRender) {","            local.assetsDict['/'] = local.templateRender(","                local.assetsDict['/assets.index.template.html'],","                {","                    env: local.objectSetDefault(local.env, {","                        npm_package_description: 'the greatest app in the world!',","                        npm_package_name: 'my-app',","                        npm_package_nameAlias: 'my_app',","                        npm_package_version: '0.0.1'","                    })","                }","            );","        } else {","            local.assetsDict['/'] = local.assetsDict['/assets.index.template.html']","                .replace((/\\{\\{env\\.(\\w+?)\\}\\}/g), function (match0, match1) {","                    // jslint-hack","                    String(match0);","                    switch (match1) {","                    case 'npm_package_description':","                        return 'the greatest app in the world!';","                    case 'npm_package_name':","                        return 'my-app';","                    case 'npm_package_nameAlias':","                        return 'my_app';","                    case 'npm_package_version':","                        return '0.0.1';","                    }","                });","        }","        // run the cli","        if (local.global.utility2_rollup || module !== require.main) {","            break;","        }","        local.assetsDict['/assets.example.js'] =","            local.assetsDict['/assets.example.js'] ||","            local.fs.readFileSync(__filename, 'utf8');","        local.assetsDict['/assets.npmtest_node_etcd.rollup.js'] =","            local.assetsDict['/assets.npmtest_node_etcd.rollup.js'] ||","            local.fs.readFileSync(","                // buildCustomOrg-hack","                local.npmtest_node_etcd.__dirname +","                    '/lib.npmtest_node_etcd.js',","                'utf8'","            ).replace((/^#!/), '//');","        local.assetsDict['/favicon.ico'] = local.assetsDict['/favicon.ico'] || '';","        // if $npm_config_timeout_exit exists,","        // then exit this process after $npm_config_timeout_exit ms","        if (Number(process.env.npm_config_timeout_exit)) {","            setTimeout(process.exit, Number(process.env.npm_config_timeout_exit));","        }","        // start server","        if (local.global.utility2_serverHttp1) {","            break;","        }","        process.env.PORT = process.env.PORT || '8081';","        console.error('server starting on port ' + process.env.PORT);","        local.http.createServer(function (request, response) {","            request.urlParsed = local.url.parse(request.url);","            if (local.assetsDict[request.urlParsed.pathname] !== undefined) {","                response.end(local.assetsDict[request.urlParsed.pathname]);","                return;","            }","            response.statusCode = 404;","            response.end();","        }).listen(process.env.PORT);","        break;","    }","}());",""],"l":{"26":2,"28":2,"33":2,"35":2,"37":2,"38":2,"39":2,"44":1,"51":2,"55":2,"59":2,"61":2,"69":1,"70":2,"76":2,"79":2,"82":2,"83":2,"85":1,"89":2,"92":1,"93":1,"94":1,"96":1,"97":1,"100":1,"101":1,"103":1,"106":1,"108":2,"114":1,"116":1,"118":1,"123":1,"124":2,"125":2,"126":2,"127":2,"128":2,"129":2,"130":1,"133":2,"134":2,"139":2,"143":1,"144":3,"145":1,"149":1,"150":1,"158":1,"160":1,"161":1,"162":1,"164":1,"166":1,"258":1,"259":1,"271":1,"274":6,"275":6,"277":1,"279":2,"281":1,"283":2,"288":1,"289":1,"291":1,"294":1,"302":1,"305":1,"306":1,"309":1,"310":1,"312":1,"313":1,"314":1,"315":1,"316":1,"317":1,"318":1,"320":1,"321":1,"323":1}},"/home/travis/build/npmtest/node-npmtest-node-etcd/node_modules/node-etcd/lib/index.js":{"path":"/home/travis/build/npmtest/node-npmtest-node-etcd/node_modules/node-etcd/lib/index.js","s":{"1":1,"2":0,"3":0,"4":1,"5":1,"6":1,"7":1,"8":1,"9":1,"10":1,"11":0,"12":0,"13":0,"14":0,"15":0,"16":0,"17":0,"18":1,"19":0,"20":0,"21":0,"22":0,"23":1,"24":0,"25":0,"26":0,"27":0,"28":1,"29":0,"30":0,"31":0,"32":0,"33":1,"34":0,"35":0,"36":0,"37":0,"38":1,"39":0,"40":0,"41":0,"42":0,"43":1,"44":1,"45":0,"46":0,"47":0,"48":0,"49":1,"50":1,"51":0,"52":0,"53":0,"54":0,"55":1,"56":0,"57":0,"58":0,"59":0,"60":1,"61":0,"62":0,"63":0,"64":0,"65":1,"66":0,"67":0,"68":0,"69":0,"70":1,"71":0,"72":0,"73":0,"74":0,"75":1,"76":0,"77":0,"78":0,"79":0,"80":0,"81":0,"82":1,"83":1,"84":0,"85":0,"86":0,"87":0,"88":0,"89":0,"90":1,"91":1,"92":0,"93":0,"94":0,"95":0,"96":1,"97":0,"98":0,"99":0,"100":0,"101":0,"102":0,"103":1,"104":0,"105":0,"106":0,"107":0,"108":0,"109":0,"110":1,"111":0,"112":0,"113":0,"114":0,"115":0,"116":1,"117":0,"118":0,"119":0,"120":1,"121":0,"122":1,"123":0,"124":0,"125":0,"126":1,"127":0,"128":0,"129":0,"130":1,"131":0,"132":0,"133":0,"134":1,"135":0,"136":0,"137":0,"138":1,"139":0,"140":1,"141":0,"142":0,"143":0,"144":0,"145":0,"146":0,"147":0,"148":0,"149":0,"150":0,"151":1,"152":0,"153":0,"154":0,"155":0,"156":0,"157":1,"158":0,"159":0,"160":0,"161":0,"162":0,"163":0,"164":0,"165":0,"166":1,"167":1},"b":{"1":[0,0],"2":[0,0],"3":[0,0],"4":[0,0],"5":[0,0],"6":[0,0],"7":[0,0],"8":[0,0],"9":[0,0],"10":[0,0],"11":[0,0],"12":[0,0],"13":[0,0],"14":[0,0],"15":[0,0],"16":[0,0],"17":[0,0],"18":[0,0],"19":[0,0],"20":[0,0],"21":[0,0],"22":[0,0]},"f":{"1":0,"2":0,"3":1,"4":0,"5":0,"6":0,"7":0,"8":0,"9":0,"10":0,"11":0,"12":0,"13":0,"14":0,"15":0,"16":0,"17":0,"18":0,"19":0,"20":0,"21":0,"22":0,"23":0,"24":0,"25":0,"26":0,"27":0,"28":0,"29":0,"30":0,"31":0,"32":0},"fnMap":{"1":{"name":"(anonymous_1)","line":3,"loc":{"start":{"line":3,"column":9},"end":{"line":3,"column":25}}},"2":{"name":"(anonymous_2)","line":3,"loc":{"start":{"line":3,"column":34},"end":{"line":3,"column":44}}},"3":{"name":"(anonymous_3)","line":15,"loc":{"start":{"line":15,"column":8},"end":{"line":15,"column":19}}},"4":{"name":"Etcd","line":16,"loc":{"start":{"line":16,"column":2},"end":{"line":16,"column":32}}},"5":{"name":"(anonymous_5)","line":28,"loc":{"start":{"line":28,"column":23},"end":{"line":28,"column":63}}},"6":{"name":"(anonymous_6)","line":35,"loc":{"start":{"line":35,"column":27},"end":{"line":35,"column":57}}},"7":{"name":"(anonymous_7)","line":43,"loc":{"start":{"line":43,"column":23},"end":{"line":43,"column":56}}},"8":{"name":"(anonymous_8)","line":50,"loc":{"start":{"line":50,"column":27},"end":{"line":50,"column":50}}},"9":{"name":"(anonymous_9)","line":58,"loc":{"start":{"line":58,"column":26},"end":{"line":58,"column":66}}},"10":{"name":"(anonymous_10)","line":67,"loc":{"start":{"line":67,"column":23},"end":{"line":67,"column":56}}},"11":{"name":"(anonymous_11)","line":76,"loc":{"start":{"line":76,"column":27},"end":{"line":76,"column":50}}},"12":{"name":"(anonymous_12)","line":84,"loc":{"start":{"line":84,"column":25},"end":{"line":84,"column":58}}},"13":{"name":"(anonymous_13)","line":91,"loc":{"start":{"line":91,"column":29},"end":{"line":91,"column":52}}},"14":{"name":"(anonymous_14)","line":99,"loc":{"start":{"line":99,"column":25},"end":{"line":99,"column":58}}},"15":{"name":"(anonymous_15)","line":106,"loc":{"start":{"line":106,"column":29},"end":{"line":106,"column":52}}},"16":{"name":"(anonymous_16)","line":114,"loc":{"start":{"line":114,"column":34},"end":{"line":114,"column":84}}},"17":{"name":"(anonymous_17)","line":126,"loc":{"start":{"line":126,"column":36},"end":{"line":126,"column":79}}},"18":{"name":"(anonymous_18)","line":138,"loc":{"start":{"line":138,"column":23},"end":{"line":138,"column":71}}},"19":{"name":"(anonymous_19)","line":145,"loc":{"start":{"line":145,"column":25},"end":{"line":145,"column":58}}},"20":{"name":"(anonymous_20)","line":155,"loc":{"start":{"line":155,"column":30},"end":{"line":155,"column":70}}},"21":{"name":"(anonymous_21)","line":165,"loc":{"start":{"line":165,"column":27},"end":{"line":165,"column":57}}},"22":{"name":"(anonymous_22)","line":175,"loc":{"start":{"line":175,"column":28},"end":{"line":175,"column":47}}},"23":{"name":"(anonymous_23)","line":181,"loc":{"start":{"line":181,"column":28},"end":{"line":181,"column":39}}},"24":{"name":"(anonymous_24)","line":185,"loc":{"start":{"line":185,"column":26},"end":{"line":185,"column":45}}},"25":{"name":"(anonymous_25)","line":191,"loc":{"start":{"line":191,"column":31},"end":{"line":191,"column":50}}},"26":{"name":"(anonymous_26)","line":197,"loc":{"start":{"line":197,"column":29},"end":{"line":197,"column":48}}},"27":{"name":"(anonymous_27)","line":203,"loc":{"start":{"line":203,"column":27},"end":{"line":203,"column":46}}},"28":{"name":"(anonymous_28)","line":209,"loc":{"start":{"line":209,"column":37},"end":{"line":209,"column":51}}},"29":{"name":"(anonymous_29)","line":213,"loc":{"start":{"line":213,"column":32},"end":{"line":213,"column":75}}},"30":{"name":"(anonymous_30)","line":239,"loc":{"start":{"line":239,"column":30},"end":{"line":239,"column":58}}},"31":{"name":"(anonymous_31)","line":250,"loc":{"start":{"line":250,"column":34},"end":{"line":250,"column":50}}},"32":{"name":"(anonymous_32)","line":253,"loc":{"start":{"line":253,"column":24},"end":{"line":253,"column":39}}}},"statementMap":{"1":{"start":{"line":2,"column":0},"end":{"line":3,"column":83}},"2":{"start":{"line":3,"column":27},"end":{"line":3,"column":80}},"3":{"start":{"line":3,"column":46},"end":{"line":3,"column":77}},"4":{"start":{"line":5,"column":0},"end":{"line":5,"column":26}},"5":{"start":{"line":7,"column":0},"end":{"line":7,"column":31}},"6":{"start":{"line":9,"column":0},"end":{"line":9,"column":29}},"7":{"start":{"line":11,"column":0},"end":{"line":11,"column":38}},"8":{"start":{"line":13,"column":0},"end":{"line":13,"column":27}},"9":{"start":{"line":15,"column":0},"end":{"line":265,"column":5}},"10":{"start":{"line":16,"column":2},"end":{"line":26,"column":3}},"11":{"start":{"line":17,"column":4},"end":{"line":19,"column":5}},"12":{"start":{"line":18,"column":6},"end":{"line":18,"column":31}},"13":{"start":{"line":20,"column":4},"end":{"line":22,"column":5}},"14":{"start":{"line":21,"column":6},"end":{"line":21,"column":19}},"15":{"start":{"line":23,"column":4},"end":{"line":23,"column":44}},"16":{"start":{"line":24,"column":4},"end":{"line":24,"column":44}},"17":{"start":{"line":25,"column":4},"end":{"line":25,"column":56}},"18":{"start":{"line":28,"column":2},"end":{"line":33,"column":4}},"19":{"start":{"line":29,"column":4},"end":{"line":29,"column":17}},"20":{"start":{"line":30,"column":4},"end":{"line":30,"column":82}},"21":{"start":{"line":31,"column":4},"end":{"line":31,"column":90}},"22":{"start":{"line":32,"column":4},"end":{"line":32,"column":42}},"23":{"start":{"line":35,"column":2},"end":{"line":41,"column":4}},"24":{"start":{"line":36,"column":4},"end":{"line":38,"column":5}},"25":{"start":{"line":37,"column":6},"end":{"line":37,"column":19}},"26":{"start":{"line":39,"column":4},"end":{"line":39,"column":31}},"27":{"start":{"line":40,"column":4},"end":{"line":40,"column":41}},"28":{"start":{"line":43,"column":2},"end":{"line":48,"column":4}},"29":{"start":{"line":44,"column":4},"end":{"line":44,"column":17}},"30":{"start":{"line":45,"column":4},"end":{"line":45,"column":82}},"31":{"start":{"line":46,"column":4},"end":{"line":46,"column":89}},"32":{"start":{"line":47,"column":4},"end":{"line":47,"column":42}},"33":{"start":{"line":50,"column":2},"end":{"line":56,"column":4}},"34":{"start":{"line":51,"column":4},"end":{"line":53,"column":5}},"35":{"start":{"line":52,"column":6},"end":{"line":52,"column":19}},"36":{"start":{"line":54,"column":4},"end":{"line":54,"column":31}},"37":{"start":{"line":55,"column":4},"end":{"line":55,"column":34}},"38":{"start":{"line":58,"column":2},"end":{"line":63,"column":4}},"39":{"start":{"line":59,"column":4},"end":{"line":59,"column":17}},"40":{"start":{"line":60,"column":4},"end":{"line":60,"column":82}},"41":{"start":{"line":61,"column":4},"end":{"line":61,"column":90}},"42":{"start":{"line":62,"column":4},"end":{"line":62,"column":43}},"43":{"start":{"line":65,"column":2},"end":{"line":65,"column":46}},"44":{"start":{"line":67,"column":2},"end":{"line":72,"column":4}},"45":{"start":{"line":68,"column":4},"end":{"line":68,"column":17}},"46":{"start":{"line":69,"column":4},"end":{"line":69,"column":82}},"47":{"start":{"line":70,"column":4},"end":{"line":70,"column":89}},"48":{"start":{"line":71,"column":4},"end":{"line":71,"column":48}},"49":{"start":{"line":74,"column":2},"end":{"line":74,"column":48}},"50":{"start":{"line":76,"column":2},"end":{"line":82,"column":4}},"51":{"start":{"line":77,"column":4},"end":{"line":79,"column":5}},"52":{"start":{"line":78,"column":6},"end":{"line":78,"column":19}},"53":{"start":{"line":80,"column":4},"end":{"line":80,"column":31}},"54":{"start":{"line":81,"column":4},"end":{"line":81,"column":34}},"55":{"start":{"line":84,"column":2},"end":{"line":89,"column":4}},"56":{"start":{"line":85,"column":4},"end":{"line":85,"column":12}},"57":{"start":{"line":86,"column":4},"end":{"line":86,"column":82}},"58":{"start":{"line":87,"column":4},"end":{"line":87,"column":23}},"59":{"start":{"line":88,"column":4},"end":{"line":88,"column":50}},"60":{"start":{"line":91,"column":2},"end":{"line":97,"column":4}},"61":{"start":{"line":92,"column":4},"end":{"line":94,"column":5}},"62":{"start":{"line":93,"column":6},"end":{"line":93,"column":19}},"63":{"start":{"line":95,"column":4},"end":{"line":95,"column":31}},"64":{"start":{"line":96,"column":4},"end":{"line":96,"column":36}},"65":{"start":{"line":99,"column":2},"end":{"line":104,"column":4}},"66":{"start":{"line":100,"column":4},"end":{"line":100,"column":12}},"67":{"start":{"line":101,"column":4},"end":{"line":101,"column":82}},"68":{"start":{"line":102,"column":4},"end":{"line":102,"column":23}},"69":{"start":{"line":103,"column":4},"end":{"line":103,"column":44}},"70":{"start":{"line":106,"column":2},"end":{"line":112,"column":4}},"71":{"start":{"line":107,"column":4},"end":{"line":109,"column":5}},"72":{"start":{"line":108,"column":6},"end":{"line":108,"column":19}},"73":{"start":{"line":110,"column":4},"end":{"line":110,"column":31}},"74":{"start":{"line":111,"column":4},"end":{"line":111,"column":36}},"75":{"start":{"line":114,"column":2},"end":{"line":122,"column":4}},"76":{"start":{"line":115,"column":4},"end":{"line":115,"column":12}},"77":{"start":{"line":116,"column":4},"end":{"line":116,"column":82}},"78":{"start":{"line":117,"column":4},"end":{"line":119,"column":5}},"79":{"start":{"line":118,"column":6},"end":{"line":118,"column":19}},"80":{"start":{"line":120,"column":4},"end":{"line":120,"column":33}},"81":{"start":{"line":121,"column":4},"end":{"line":121,"column":51}},"82":{"start":{"line":124,"column":2},"end":{"line":124,"column":60}},"83":{"start":{"line":126,"column":2},"end":{"line":134,"column":4}},"84":{"start":{"line":127,"column":4},"end":{"line":127,"column":12}},"85":{"start":{"line":128,"column":4},"end":{"line":128,"column":82}},"86":{"start":{"line":129,"column":4},"end":{"line":131,"column":5}},"87":{"start":{"line":130,"column":6},"end":{"line":130,"column":19}},"88":{"start":{"line":132,"column":4},"end":{"line":132,"column":33}},"89":{"start":{"line":133,"column":4},"end":{"line":133,"column":44}},"90":{"start":{"line":136,"column":2},"end":{"line":136,"column":65}},"91":{"start":{"line":138,"column":2},"end":{"line":143,"column":4}},"92":{"start":{"line":139,"column":4},"end":{"line":139,"column":17}},"93":{"start":{"line":140,"column":4},"end":{"line":140,"column":82}},"94":{"start":{"line":141,"column":4},"end":{"line":141,"column":53}},"95":{"start":{"line":142,"column":4},"end":{"line":142,"column":54}},"96":{"start":{"line":145,"column":2},"end":{"line":153,"column":4}},"97":{"start":{"line":146,"column":4},"end":{"line":146,"column":12}},"98":{"start":{"line":147,"column":4},"end":{"line":147,"column":82}},"99":{"start":{"line":148,"column":4},"end":{"line":150,"column":5}},"100":{"start":{"line":149,"column":6},"end":{"line":149,"column":19}},"101":{"start":{"line":151,"column":4},"end":{"line":151,"column":24}},"102":{"start":{"line":152,"column":4},"end":{"line":152,"column":44}},"103":{"start":{"line":155,"column":2},"end":{"line":163,"column":4}},"104":{"start":{"line":156,"column":4},"end":{"line":156,"column":12}},"105":{"start":{"line":157,"column":4},"end":{"line":157,"column":82}},"106":{"start":{"line":158,"column":4},"end":{"line":160,"column":5}},"107":{"start":{"line":159,"column":6},"end":{"line":159,"column":19}},"108":{"start":{"line":161,"column":4},"end":{"line":161,"column":30}},"109":{"start":{"line":162,"column":4},"end":{"line":162,"column":46}},"110":{"start":{"line":165,"column":2},"end":{"line":173,"column":4}},"111":{"start":{"line":166,"column":4},"end":{"line":168,"column":5}},"112":{"start":{"line":167,"column":6},"end":{"line":167,"column":19}},"113":{"start":{"line":169,"column":4},"end":{"line":171,"column":5}},"114":{"start":{"line":170,"column":6},"end":{"line":170,"column":19}},"115":{"start":{"line":172,"column":4},"end":{"line":172,"column":50}},"116":{"start":{"line":175,"column":2},"end":{"line":179,"column":4}},"117":{"start":{"line":176,"column":4},"end":{"line":176,"column":12}},"118":{"start":{"line":177,"column":4},"end":{"line":177,"column":51}},"119":{"start":{"line":178,"column":4},"end":{"line":178,"column":42}},"120":{"start":{"line":181,"column":2},"end":{"line":183,"column":4}},"121":{"start":{"line":182,"column":4},"end":{"line":182,"column":31}},"122":{"start":{"line":185,"column":2},"end":{"line":189,"column":4}},"123":{"start":{"line":186,"column":4},"end":{"line":186,"column":12}},"124":{"start":{"line":187,"column":4},"end":{"line":187,"column":38}},"125":{"start":{"line":188,"column":4},"end":{"line":188,"column":42}},"126":{"start":{"line":191,"column":2},"end":{"line":195,"column":4}},"127":{"start":{"line":192,"column":4},"end":{"line":192,"column":12}},"128":{"start":{"line":193,"column":4},"end":{"line":193,"column":44}},"129":{"start":{"line":194,"column":4},"end":{"line":194,"column":42}},"130":{"start":{"line":197,"column":2},"end":{"line":201,"column":4}},"131":{"start":{"line":198,"column":4},"end":{"line":198,"column":12}},"132":{"start":{"line":199,"column":4},"end":{"line":199,"column":42}},"133":{"start":{"line":200,"column":4},"end":{"line":200,"column":42}},"134":{"start":{"line":203,"column":2},"end":{"line":207,"column":4}},"135":{"start":{"line":204,"column":4},"end":{"line":204,"column":12}},"136":{"start":{"line":205,"column":4},"end":{"line":205,"column":43}},"137":{"start":{"line":206,"column":4},"end":{"line":206,"column":42}},"138":{"start":{"line":209,"column":2},"end":{"line":211,"column":4}},"139":{"start":{"line":210,"column":4},"end":{"line":210,"column":34}},"140":{"start":{"line":213,"column":2},"end":{"line":237,"column":4}},"141":{"start":{"line":214,"column":4},"end":{"line":214,"column":40}},"142":{"start":{"line":215,"column":4},"end":{"line":217,"column":5}},"143":{"start":{"line":216,"column":6},"end":{"line":216,"column":25}},"144":{"start":{"line":218,"column":4},"end":{"line":220,"column":5}},"145":{"start":{"line":219,"column":6},"end":{"line":219,"column":19}},"146":{"start":{"line":221,"column":4},"end":{"line":223,"column":5}},"147":{"start":{"line":222,"column":6},"end":{"line":222,"column":19}},"148":{"start":{"line":224,"column":4},"end":{"line":224,"column":63}},"149":{"start":{"line":225,"column":4},"end":{"line":225,"column":50}},"150":{"start":{"line":226,"column":4},"end":{"line":236,"column":6}},"151":{"start":{"line":239,"column":2},"end":{"line":248,"column":4}},"152":{"start":{"line":240,"column":4},"end":{"line":242,"column":5}},"153":{"start":{"line":241,"column":6},"end":{"line":241,"column":19}},"154":{"start":{"line":243,"column":4},"end":{"line":247,"column":5}},"155":{"start":{"line":244,"column":6},"end":{"line":244,"column":27}},"156":{"start":{"line":246,"column":6},"end":{"line":246,"column":33}},"157":{"start":{"line":250,"column":2},"end":{"line":261,"column":4}},"158":{"start":{"line":251,"column":4},"end":{"line":251,"column":17}},"159":{"start":{"line":252,"column":4},"end":{"line":252,"column":50}},"160":{"start":{"line":253,"column":4},"end":{"line":260,"column":7}},"161":{"start":{"line":254,"column":6},"end":{"line":254,"column":14}},"162":{"start":{"line":255,"column":6},"end":{"line":255,"column":26}},"163":{"start":{"line":256,"column":6},"end":{"line":258,"column":7}},"164":{"start":{"line":257,"column":8},"end":{"line":257,"column":37}},"165":{"start":{"line":259,"column":6},"end":{"line":259,"column":41}},"166":{"start":{"line":263,"column":2},"end":{"line":263,"column":14}},"167":{"start":{"line":267,"column":0},"end":{"line":267,"column":32}}},"branchMap":{"1":{"line":17,"type":"if","locations":[{"start":{"line":17,"column":4},"end":{"line":17,"column":4}},{"start":{"line":17,"column":4},"end":{"line":17,"column":4}}]},"2":{"line":20,"type":"if","locations":[{"start":{"line":20,"column":4},"end":{"line":20,"column":4}},{"start":{"line":20,"column":4},"end":{"line":20,"column":4}}]},"3":{"line":36,"type":"if","locations":[{"start":{"line":36,"column":4},"end":{"line":36,"column":4}},{"start":{"line":36,"column":4},"end":{"line":36,"column":4}}]},"4":{"line":51,"type":"if","locations":[{"start":{"line":51,"column":4},"end":{"line":51,"column":4}},{"start":{"line":51,"column":4},"end":{"line":51,"column":4}}]},"5":{"line":77,"type":"if","locations":[{"start":{"line":77,"column":4},"end":{"line":77,"column":4}},{"start":{"line":77,"column":4},"end":{"line":77,"column":4}}]},"6":{"line":92,"type":"if","locations":[{"start":{"line":92,"column":4},"end":{"line":92,"column":4}},{"start":{"line":92,"column":4},"end":{"line":92,"column":4}}]},"7":{"line":107,"type":"if","locations":[{"start":{"line":107,"column":4},"end":{"line":107,"column":4}},{"start":{"line":107,"column":4},"end":{"line":107,"column":4}}]},"8":{"line":117,"type":"if","locations":[{"start":{"line":117,"column":4},"end":{"line":117,"column":4}},{"start":{"line":117,"column":4},"end":{"line":117,"column":4}}]},"9":{"line":129,"type":"if","locations":[{"start":{"line":129,"column":4},"end":{"line":129,"column":4}},{"start":{"line":129,"column":4},"end":{"line":129,"column":4}}]},"10":{"line":148,"type":"if","locations":[{"start":{"line":148,"column":4},"end":{"line":148,"column":4}},{"start":{"line":148,"column":4},"end":{"line":148,"column":4}}]},"11":{"line":158,"type":"if","locations":[{"start":{"line":158,"column":4},"end":{"line":158,"column":4}},{"start":{"line":158,"column":4},"end":{"line":158,"column":4}}]},"12":{"line":166,"type":"if","locations":[{"start":{"line":166,"column":4},"end":{"line":166,"column":4}},{"start":{"line":166,"column":4},"end":{"line":166,"column":4}}]},"13":{"line":169,"type":"if","locations":[{"start":{"line":169,"column":4},"end":{"line":169,"column":4}},{"start":{"line":169,"column":4},"end":{"line":169,"column":4}}]},"14":{"line":215,"type":"if","locations":[{"start":{"line":215,"column":4},"end":{"line":215,"column":4}},{"start":{"line":215,"column":4},"end":{"line":215,"column":4}}]},"15":{"line":218,"type":"if","locations":[{"start":{"line":218,"column":4},"end":{"line":218,"column":4}},{"start":{"line":218,"column":4},"end":{"line":218,"column":4}}]},"16":{"line":221,"type":"if","locations":[{"start":{"line":221,"column":4},"end":{"line":221,"column":4}},{"start":{"line":221,"column":4},"end":{"line":221,"column":4}}]},"17":{"line":232,"type":"cond-expr","locations":[{"start":{"line":232,"column":28},"end":{"line":234,"column":7}},{"start":{"line":234,"column":10},"end":{"line":234,"column":16}}]},"18":{"line":235,"type":"cond-expr","locations":[{"start":{"line":235,"column":43},"end":{"line":235,"column":55}},{"start":{"line":235,"column":58},"end":{"line":235,"column":64}}]},"19":{"line":240,"type":"if","locations":[{"start":{"line":240,"column":4},"end":{"line":240,"column":4}},{"start":{"line":240,"column":4},"end":{"line":240,"column":4}}]},"20":{"line":243,"type":"if","locations":[{"start":{"line":243,"column":4},"end":{"line":243,"column":4}},{"start":{"line":243,"column":4},"end":{"line":243,"column":4}}]},"21":{"line":252,"type":"cond-expr","locations":[{"start":{"line":252,"column":34},"end":{"line":252,"column":39}},{"start":{"line":252,"column":42},"end":{"line":252,"column":49}}]},"22":{"line":256,"type":"if","locations":[{"start":{"line":256,"column":6},"end":{"line":256,"column":6}},{"start":{"line":256,"column":6},"end":{"line":256,"column":6}}]}},"code":["// Generated by CoffeeScript 1.9.1","var Client, Etcd, HttpsAgent, URL, Watcher, _, exports,","  bind = function(fn, me){ return function(){ return fn.apply(me, arguments); }; };","","_ = require('underscore');","","Watcher = require('./watcher');","","Client = require('./client');","","HttpsAgent = (require('https')).Agent;","","URL = require('url-parse');","","Etcd = (function() {","  function Etcd(hosts, options) {","    if (hosts == null) {","      hosts = \"127.0.0.1:2379\";","    }","    if (options == null) {","      options = {};","    }","    this.watcher = bind(this.watcher, this);","    this.hosts = this._cleanHostList(hosts);","    this.client = new Client(this.hosts, options, null);","  }","","  Etcd.prototype.set = function(key, value, options, callback) {","    var opt, ref;","    ref = this._argParser(options, callback), options = ref[0], callback = ref[1];","    opt = this._prepareOpts(\"keys/\" + this._stripSlashPrefix(key), \"/v2\", value, options);","    return this.client.put(opt, callback);","  };","","  Etcd.prototype.setSync = function(key, value, options) {","    if (options == null) {","      options = {};","    }","    options.synchronous = true;","    return this.set(key, value, options);","  };","","  Etcd.prototype.get = function(key, options, callback) {","    var opt, ref;","    ref = this._argParser(options, callback), options = ref[0], callback = ref[1];","    opt = this._prepareOpts(\"keys/\" + this._stripSlashPrefix(key), \"/v2\", null, options);","    return this.client.get(opt, callback);","  };","","  Etcd.prototype.getSync = function(key, options) {","    if (options == null) {","      options = {};","    }","    options.synchronous = true;","    return this.get(key, options);","  };","","  Etcd.prototype.create = function(dir, value, options, callback) {","    var opt, ref;","    ref = this._argParser(options, callback), options = ref[0], callback = ref[1];","    opt = this._prepareOpts(\"keys/\" + this._stripSlashPrefix(dir), \"/v2\", value, options);","    return this.client.post(opt, callback);","  };","","  Etcd.prototype.post = Etcd.prototype.create;","","  Etcd.prototype.del = function(key, options, callback) {","    var opt, ref;","    ref = this._argParser(options, callback), options = ref[0], callback = ref[1];","    opt = this._prepareOpts(\"keys/\" + this._stripSlashPrefix(key), \"/v2\", null, options);","    return this.client[\"delete\"](opt, callback);","  };","","  Etcd.prototype[\"delete\"] = Etcd.prototype.del;","","  Etcd.prototype.delSync = function(key, options) {","    if (options == null) {","      options = {};","    }","    options.synchronous = true;","    return this.del(key, options);","  };","","  Etcd.prototype.mkdir = function(dir, options, callback) {","    var ref;","    ref = this._argParser(options, callback), options = ref[0], callback = ref[1];","    options.dir = true;","    return this.set(dir, null, options, callback);","  };","","  Etcd.prototype.mkdirSync = function(dir, options) {","    if (options == null) {","      options = {};","    }","    options.synchronous = true;","    return this.mkdir(dir, options);","  };","","  Etcd.prototype.rmdir = function(dir, options, callback) {","    var ref;","    ref = this._argParser(options, callback), options = ref[0], callback = ref[1];","    options.dir = true;","    return this.del(dir, options, callback);","  };","","  Etcd.prototype.rmdirSync = function(dir, options) {","    if (options == null) {","      options = {};","    }","    options.synchronous = true;","    return this.rmdir(dir, options);","  };","","  Etcd.prototype.compareAndSwap = function(key, value, oldvalue, options, callback) {","    var ref;","    ref = this._argParser(options, callback), options = ref[0], callback = ref[1];","    if (options == null) {","      options = {};","    }","    options.prevValue = oldvalue;","    return this.set(key, value, options, callback);","  };","","  Etcd.prototype.testAndSet = Etcd.prototype.compareAndSwap;","","  Etcd.prototype.compareAndDelete = function(key, oldvalue, options, callback) {","    var ref;","    ref = this._argParser(options, callback), options = ref[0], callback = ref[1];","    if (options == null) {","      options = {};","    }","    options.prevValue = oldvalue;","    return this.del(key, options, callback);","  };","","  Etcd.prototype.testAndDelete = Etcd.prototype.compareAndDelete;","","  Etcd.prototype.raw = function(method, key, value, options, callback) {","    var opt, ref;","    ref = this._argParser(options, callback), options = ref[0], callback = ref[1];","    opt = this._prepareOpts(key, \"\", value, options);","    return this.client.execute(method, opt, callback);","  };","","  Etcd.prototype.watch = function(key, options, callback) {","    var ref;","    ref = this._argParser(options, callback), options = ref[0], callback = ref[1];","    if (options == null) {","      options = {};","    }","    options.wait = true;","    return this.get(key, options, callback);","  };","","  Etcd.prototype.watchIndex = function(key, index, options, callback) {","    var ref;","    ref = this._argParser(options, callback), options = ref[0], callback = ref[1];","    if (options == null) {","      options = {};","    }","    options.waitIndex = index;","    return this.watch(key, options, callback);","  };","","  Etcd.prototype.watcher = function(key, index, options) {","    if (index == null) {","      index = null;","    }","    if (options == null) {","      options = {};","    }","    return new Watcher(this, key, index, options);","  };","","  Etcd.prototype.machines = function(callback) {","    var opt;","    opt = this._prepareOpts(\"keys/_etcd/machines\");","    return this.client.get(opt, callback);","  };","","  Etcd.prototype.getHosts = function() {","    return _.clone(this.hosts);","  };","","  Etcd.prototype.leader = function(callback) {","    var opt;","    opt = this._prepareOpts(\"leader\");","    return this.client.get(opt, callback);","  };","","  Etcd.prototype.leaderStats = function(callback) {","    var opt;","    opt = this._prepareOpts(\"stats/leader\");","    return this.client.get(opt, callback);","  };","","  Etcd.prototype.selfStats = function(callback) {","    var opt;","    opt = this._prepareOpts(\"stats/self\");","    return this.client.get(opt, callback);","  };","","  Etcd.prototype.version = function(callback) {","    var opt;","    opt = this._prepareOpts(\"version\", \"\");","    return this.client.get(opt, callback);","  };","","  Etcd.prototype._stripSlashPrefix = function(key) {","    return key.replace(/^\\//, '');","  };","","  Etcd.prototype._prepareOpts = function(path, apiVersion, value, allOpts) {","    var clientOptions, opt, queryString;","    if (apiVersion == null) {","      apiVersion = \"/v2\";","    }","    if (value == null) {","      value = null;","    }","    if (allOpts == null) {","      allOpts = {};","    }","    queryString = _.omit(allOpts, 'maxRetries', 'synchronous');","    clientOptions = _.pick(allOpts, 'maxRetries');","    return opt = {","      path: apiVersion + \"/\" + path,","      json: true,","      qs: queryString,","      clientOptions: clientOptions,","      synchronous: allOpts.synchronous,","      form: value != null ? {","        value: value","      } : void 0,","      agentOptions: this.sslopts != null ? this.sslopts : void 0","    };","  };","","  Etcd.prototype._argParser = function(options, callback) {","    if (options == null) {","      options = {};","    }","    if (typeof options === 'function') {","      return [{}, options];","    } else {","      return [options, callback];","    }","  };","","  Etcd.prototype._cleanHostList = function(hosts) {","    var hostlist;","    hostlist = _.isArray(hosts) ? hosts : [hosts];","    return hostlist.map(function(host) {","      var url;","      url = new URL(host);","      if (url.protocol === '') {","        url.set('protocol', 'http:');","      }","      return url.href.replace(/\\/$/, \"\");","    });","  };","","  return Etcd;","","})();","","exports = module.exports = Etcd;",""],"l":{"2":1,"3":0,"5":1,"7":1,"9":1,"11":1,"13":1,"15":1,"16":1,"17":0,"18":0,"20":0,"21":0,"23":0,"24":0,"25":0,"28":1,"29":0,"30":0,"31":0,"32":0,"35":1,"36":0,"37":0,"39":0,"40":0,"43":1,"44":0,"45":0,"46":0,"47":0,"50":1,"51":0,"52":0,"54":0,"55":0,"58":1,"59":0,"60":0,"61":0,"62":0,"65":1,"67":1,"68":0,"69":0,"70":0,"71":0,"74":1,"76":1,"77":0,"78":0,"80":0,"81":0,"84":1,"85":0,"86":0,"87":0,"88":0,"91":1,"92":0,"93":0,"95":0,"96":0,"99":1,"100":0,"101":0,"102":0,"103":0,"106":1,"107":0,"108":0,"110":0,"111":0,"114":1,"115":0,"116":0,"117":0,"118":0,"120":0,"121":0,"124":1,"126":1,"127":0,"128":0,"129":0,"130":0,"132":0,"133":0,"136":1,"138":1,"139":0,"140":0,"141":0,"142":0,"145":1,"146":0,"147":0,"148":0,"149":0,"151":0,"152":0,"155":1,"156":0,"157":0,"158":0,"159":0,"161":0,"162":0,"165":1,"166":0,"167":0,"169":0,"170":0,"172":0,"175":1,"176":0,"177":0,"178":0,"181":1,"182":0,"185":1,"186":0,"187":0,"188":0,"191":1,"192":0,"193":0,"194":0,"197":1,"198":0,"199":0,"200":0,"203":1,"204":0,"205":0,"206":0,"209":1,"210":0,"213":1,"214":0,"215":0,"216":0,"218":0,"219":0,"221":0,"222":0,"224":0,"225":0,"226":0,"239":1,"240":0,"241":0,"243":0,"244":0,"246":0,"250":1,"251":0,"252":0,"253":0,"254":0,"255":0,"256":0,"257":0,"259":0,"263":1,"267":1}},"/home/travis/build/npmtest/node-npmtest-node-etcd/node_modules/node-etcd/lib/watcher.js":{"path":"/home/travis/build/npmtest/node-npmtest-node-etcd/node_modules/node-etcd/lib/watcher.js","s":{"1":1,"2":0,"3":0,"4":1,"5":5,"6":5,"7":1,"8":1,"9":1,"10":1,"11":1,"12":1,"13":1,"14":1,"15":1,"16":1,"17":0,"18":0,"19":0,"20":0,"21":0,"22":0,"23":0,"24":0,"25":0,"26":0,"27":0,"28":0,"29":0,"30":0,"31":0,"32":0,"33":1,"34":0,"35":0,"36":0,"37":1,"38":0,"39":0,"40":0,"41":1,"42":0,"43":0,"44":0,"45":0,"46":0,"47":0,"48":1,"49":0,"50":0,"51":0,"52":0,"53":0,"54":0,"55":1,"56":0,"57":0,"58":0,"59":0,"60":0,"61":
[...]
":141,"column":13}},"76":{"start":{"line":124,"column":6},"end":{"line":140,"column":8}},"77":{"start":{"line":125,"column":8},"end":{"line":127,"column":9}},"78":{"start":{"line":126,"column":10},"end":{"line":126,"column":17}},"79":{"start":{"line":128,"column":8},"end":{"line":138,"column":9}},"80":{"start":{"line":129,"column":10},"end":{"line":136,"column":13}},"81":{"start":{"line":137,"column":10},"end":{"line":137,"column":85}},"82":{"start":{"line":139,"column":8},"end":{"line":139,"column":64}},"83":{"start":{"line":142,"column":4},"end":{"line":151,"column":13}},"84":{"start":{"line":143,"column":6},"end":{"line":150,"column":8}},"85":{"start":{"line":144,"column":8},"end":{"line":144,"column":32}},"86":{"start":{"line":145,"column":8},"end":{"line":149,"column":10}},"87":{"start":{"line":152,"column":4},"end":{"line":154,"column":5}},"88":{"start":{"line":153,"column":6},"end":{"line":153,"column":33}},"89":{"start":{"line":155,"column":4},"end":{"line":155,"column":51}},"90":{"start":{"line":156,"column":4},"end":{"line":156,"column":26}},"91":{"start":{"line":157,"column":4},"end":{"line":166,"column":5}},"92":{"start":{"line":158,"column":6},"end":{"line":158,"column":31}},"93":{"start":{"line":159,"column":6},"end":{"line":161,"column":7}},"94":{"start":{"line":160,"column":8},"end":{"line":160,"column":30}},"95":{"start":{"line":162,"column":6},"end":{"line":162,"column":30}},"96":{"start":{"line":163,"column":6},"end":{"line":163,"column":26}},"97":{"start":{"line":165,"column":6},"end":{"line":165,"column":17}},"98":{"start":{"line":169,"column":2},"end":{"line":171,"column":4}},"99":{"start":{"line":170,"column":4},"end":{"line":170,"column":44}},"100":{"start":{"line":173,"column":2},"end":{"line":183,"column":4}},"101":{"start":{"line":174,"column":4},"end":{"line":174,"column":26}},"102":{"start":{"line":175,"column":4},"end":{"line":179,"column":13}},"103":{"start":{"line":176,"column":6},"end":{"line":178,"column":8}},"104":{"start":{"line":177,"column":8},"end":{"line":177,"column":81}},"105":{"start":{"line":180,"column":4},"end":{"line":180,"column":45}},"106":{"start":{"line":181,"column":4},"end":{"line":181,"column":23}},"107":{"start":{"line":182,"column":4},"end":{"line":182,"column":41}},"108":{"start":{"line":185,"column":2},"end":{"line":190,"column":4}},"109":{"start":{"line":186,"column":4},"end":{"line":188,"column":5}},"110":{"start":{"line":187,"column":6},"end":{"line":187,"column":15}},"111":{"start":{"line":189,"column":4},"end":{"line":189,"column":39}},"112":{"start":{"line":192,"column":2},"end":{"line":194,"column":4}},"113":{"start":{"line":193,"column":4},"end":{"line":193,"column":92}},"114":{"start":{"line":196,"column":2},"end":{"line":204,"column":4}},"115":{"start":{"line":197,"column":4},"end":{"line":197,"column":14}},"116":{"start":{"line":198,"column":4},"end":{"line":198,"column":52}},"117":{"start":{"line":199,"column":4},"end":{"line":199,"column":32}},"118":{"start":{"line":200,"column":4},"end":{"line":200,"column":34}},"119":{"start":{"line":201,"column":4},"end":{"line":203,"column":5}},"120":{"start":{"line":202,"column":6},"end":{"line":202,"column":29}},"121":{"start":{"line":206,"column":2},"end":{"line":213,"column":4}},"122":{"start":{"line":207,"column":4},"end":{"line":207,"column":19}},"123":{"start":{"line":208,"column":4},"end":{"line":211,"column":6}},"124":{"start":{"line":209,"column":6},"end":{"line":209,"column":32}},"125":{"start":{"line":210,"column":6},"end":{"line":210,"column":312}},"126":{"start":{"line":212,"column":4},"end":{"line":212,"column":59}},"127":{"start":{"line":215,"column":2},"end":{"line":217,"column":4}},"128":{"start":{"line":216,"column":4},"end":{"line":216,"column":98}},"129":{"start":{"line":219,"column":2},"end":{"line":232,"column":4}},"130":{"start":{"line":220,"column":4},"end":{"line":220,"column":14}},"131":{"start":{"line":221,"column":4},"end":{"line":223,"column":5}},"132":{"start":{"line":222,"column":6},"end":{"line":222,"column":13}},"133":{"start":{"line":224,"column":4},"end":{"line":231,"column":5}},"134":{"start":{"line":225,"column":6},"end":{"line":225,"column":80}},"135":{"start":{"line":226,"column":6},"end":{"line":226,"column":39}},"136":{"start":{"line":227,"column":6},"end":{"line":227,"column":25}},"137":{"start":{"line":228,"column":6},"end":{"line":228,"column":79}},"138":{"start":{"line":230,"column":6},"end":{"line":230,"column":80}},"139":{"start":{"line":234,"column":2},"end":{"line":234,"column":16}},"140":{"start":{"line":238,"column":0},"end":{"line":238,"column":34}}},"branchMap":{"1":{"line":26,"type":"cond-expr","locations":[{"start":{"line":26,"column":38},"end":{"line":26,"column":46}},{"start":{"line":26,"column":49},"end":{"line":26,"column":50}}]},"2":{"line":27,"type":"cond-expr","locations":[{"start":{"line":27,"column":36},"end":{"line":27,"column":43}},{"start":{"line":27,"column":46},"end":{"line":27,"column":48}}]},"3":{"line":44,"type":"if","locations":[{"start":{"line":44,"column":4},"end":{"line":44,"column":4}},{"start":{"line":44,"column":4},"end":{"line":44,"column":4}}]},"4":{"line":83,"type":"if","locations":[{"start":{"line":83,"column":4},"end":{"line":83,"column":4}},{"start":{"line":83,"column":4},"end":{"line":83,"column":4}}]},"5":{"line":114,"type":"if","locations":[{"start":{"line":114,"column":4},"end":{"line":114,"column":4}},{"start":{"line":114,"column":4},"end":{"line":114,"column":4}}]},"6":{"line":117,"type":"if","locations":[{"start":{"line":117,"column":4},"end":{"line":117,"column":4}},{"start":{"line":117,"column":4},"end":{"line":117,"column":4}}]},"7":{"line":118,"type":"if","locations":[{"start":{"line":118,"column":6},"end":{"line":118,"column":6}},{"start":{"line":118,"column":6},"end":{"line":118,"column":6}}]},"8":{"line":125,"type":"if","locations":[{"start":{"line":125,"column":8},"end":{"line":125,"column":8}},{"start":{"line":125,"column":8},"end":{"line":125,"column":8}}]},"9":{"line":128,"type":"if","locations":[{"start":{"line":128,"column":8},"end":{"line":128,"column":8}},{"start":{"line":128,"column":8},"end":{"line":128,"column":8}}]},"10":{"line":132,"type":"cond-expr","locations":[{"start":{"line":132,"column":39},"end":{"line":132,"column":54}},{"start":{"line":132,"column":57},"end":{"line":132,"column":63}}]},"11":{"line":133,"type":"cond-expr","locations":[{"start":{"line":133,"column":37},"end":{"line":133,"column":46}},{"start":{"line":133,"column":49},"end":{"line":133,"column":55}}]},"12":{"line":152,"type":"if","locations":[{"start":{"line":152,"column":4},"end":{"line":152,"column":4}},{"start":{"line":152,"column":4},"end":{"line":152,"column":4}}]},"13":{"line":157,"type":"if","locations":[{"start":{"line":157,"column":4},"end":{"line":157,"column":4}},{"start":{"line":157,"column":4},"end":{"line":157,"column":4}}]},"14":{"line":157,"type":"binary-expr","locations":[{"start":{"line":157,"column":8},"end":{"line":157,"column":36}},{"start":{"line":157,"column":40},"end":{"line":157,"column":67}}]},"15":{"line":186,"type":"if","locations":[{"start":{"line":186,"column":4},"end":{"line":186,"column":4}},{"start":{"line":186,"column":4},"end":{"line":186,"column":4}}]},"16":{"line":193,"type":"binary-expr","locations":[{"start":{"line":193,"column":11},"end":{"line":193,"column":43}},{"start":{"line":193,"column":47},"end":{"line":193,"column":91}}]},"17":{"line":201,"type":"if","locations":[{"start":{"line":201,"column":4},"end":{"line":201,"column":4}},{"start":{"line":201,"column":4},"end":{"line":201,"column":4}}]},"18":{"line":210,"type":"binary-expr","locations":[{"start":{"line":210,"column":14},"end":{"line":210,"column":111}},{"start":{"line":210,"column":115},"end":{"line":210,"column":135}},{"start":{"line":210,"column":141},"end":{"line":210,"column":232}},{"start":{"line":210,"column":236},"end":{"line":210,"column":248}},{"start":{"line":210,"column":253},"end":{"line":210,"column":311}}]},"19":{"line":210,"type":"cond-expr","locations":[{"start":{"line":210,"column":33},"end":{"line":210,"column":82}},{"start":{"line":210,"column":85},"end":{"line":210,"column":91}}]},"20":{"line":210,"type":"cond-expr","locations":[{"start":{"line":210,"column":64},"end":{"line":210,"column":73}},{"start":{"line":210,"column":76},"end":{"line":210,"column":82}}]},"21":{"line":210,"type":"cond-expr","locations":[{"start":{"line":210,"column":161},"end":{"line":210,"column":214}},{"start":{"line":210,"column":217},"end":{"line":210,"column":223}}]},"22":{"line":210,"type":"cond-expr","locations":[{"start":{"line":210,"column":191},"end":{"line":210,"column":205}},{"start":{"line":210,"column":208},"end":{"line":210,"column":214}}]},"23":{"line":210,"type":"cond-expr","locations":[{"start":{"line":210,"column":291},"end":{"line":210,"column":301}},{"start":{"line":210,"column":304},"end":{"line":210,"column":310}}]},"24":{"line":212,"type":"binary-expr","locations":[{"start":{"line":212,"column":12},"end":{"line":212,"column":26}},{"start":{"line":212,"column":31},"end":{"line":212,"column":58}}]},"25":{"line":216,"type":"binary-expr","locations":[{"start":{"line":216,"column":11},"end":{"line":216,"column":14}},{"start":{"line":216,"column":20},"end":{"line":216,"column":69}},{"start":{"line":216,"column":74},"end":{"line":216,"column":96}}]},"26":{"line":216,"type":"cond-expr","locations":[{"start":{"line":216,"column":36},"end":{"line":216,"column":51}},{"start":{"line":216,"column":54},"end":{"line":216,"column":60}}]},"27":{"line":221,"type":"if","locations":[{"start":{"line":221,"column":4},"end":{"line":221,"column":4}},{"start":{"line":221,"column":4},"end":{"line":221,"column":4}}]},"28":{"line":224,"type":"if","locations":[{"start":{"line":224,"column":4},"end":{"line":224,"column":4}},{"start":{"line":224,"column":4},"end":{"line":224,"column":4}}]},"29":{"line":224,"type":"cond-expr","locations":[{"start":{"line":224,"column":24},"end":{"line":224,"column":38}},{"start":{"line":224,"column":41},"end":{"line":224,"column":47}}]},"30":{"line":225,"type":"binary-expr","locations":[{"start":{"line":225,"column":25},"end":{"line":225,"column":61}},{"start":{"line":225,"column":66},"end":{"line":225,"column":78}}]},"31":{"line":225,"type":"cond-expr","locations":[{"start":{"line":225,"column":40},"end":{"line":225,"column":52}},{"start":{"line":225,"column":55},"end":{"line":225,"column":61}}]},"32":{"line":228,"type":"binary-expr","locations":[{"start":{"line":228,"column":34},"end":{"line":228,"column":70}},{"start":{"line":228,"column":75},"end":{"line":228,"column":77}}]},"33":{"line":228,"type":"cond-expr","locations":[{"start":{"line":228,"column":49},"end":{"line":228,"column":61}},{"start":{"line":228,"column":64},"end":{"line":228,"column":70}}]},"34":{"line":230,"type":"binary-expr","locations":[{"start":{"line":230,"column":35},"end":{"line":230,"column":71}},{"start":{"line":230,"column":76},"end":{"line":230,"column":78}}]},"35":{"line":230,"type":"cond-expr","locations":[{"start":{"line":230,"column":50},"end":{"line":230,"column":62}},{"start":{"line":230,"column":65},"end":{"line":230,"column":71}}]}},"code":["// Generated by CoffeeScript 1.9.1","var CancellationToken, Client, _, deasync, defaultClientOptions, defaultRequestOptions, exports, request,","  bind = function(fn, me){ return function(){ return fn.apply(me, arguments); }; };","","request = require('request');","","deasync = require('deasync');","","_ = require('underscore');","","defaultRequestOptions = {","  pool: {","    maxSockets: 100","  },","  followAllRedirects: true","};","","defaultClientOptions = {","  maxRetries: 3","};","","CancellationToken = (function() {","  function CancellationToken(servers1, maxRetries, retries1, errors1) {","    this.servers = servers1;","    this.maxRetries = maxRetries;","    this.retries = retries1 != null ? retries1 : 0;","    this.errors = errors1 != null ? errors1 : [];","    this.abort = bind(this.abort, this);","    this.isAborted = bind(this.isAborted, this);","    this.setRequest = bind(this.setRequest, this);","    this.aborted = false;","  }","","  CancellationToken.prototype.setRequest = function(req) {","    return this.req = req;","  };","","  CancellationToken.prototype.isAborted = function() {","    return this.aborted;","  };","","  CancellationToken.prototype.abort = function() {","    this.aborted = true;","    if (this.req != null) {","      return this.req.abort();","    }","  };","","  CancellationToken.prototype.cancel = CancellationToken.prototype.abort;","","  CancellationToken.prototype.wasAborted = CancellationToken.prototype.isAborted;","","  return CancellationToken;","","})();","","Client = (function() {","  function Client(hosts, options1, sslopts) {","    this.hosts = hosts;","    this.options = options1;","    this.sslopts = sslopts;","    this._shouldRetry = bind(this._shouldRetry, this);","    this._retry = bind(this._retry, this);","    this._multiserverHelper = bind(this._multiserverHelper, this);","    this[\"delete\"] = bind(this[\"delete\"], this);","    this.patch = bind(this.patch, this);","    this.post = bind(this.post, this);","    this.get = bind(this.get, this);","    this.put = bind(this.put, this);","    this.execute = bind(this.execute, this);","    this.syncmsg = {};","  }","","  Client.prototype.execute = function(method, options, callback) {","    var opt, servers, syncResp, token;","    opt = _.defaults(_.clone(options), this.options, defaultRequestOptions, {","      method: method","    });","    opt.clientOptions = _.defaults(opt.clientOptions, defaultClientOptions);","    servers = _.shuffle(this.hosts);","    token = new CancellationToken(servers, opt.clientOptions.maxRetries);","    syncResp = this._multiserverHelper(servers, opt, token, callback);","    if (options.synchronous === true) {","      return syncResp;","    } else {","      return token;","    }","  };","","  Client.prototype.put = function(options, callback) {","    return this.execute(\"PUT\", options, callback);","  };","","  Client.prototype.get = function(options, callback) {","    return this.execute(\"GET\", options, callback);","  };","","  Client.prototype.post = function(options, callback) {","    return this.execute(\"POST\", options, callback);","  };","","  Client.prototype.patch = function(options, callback) {","    return this.execute(\"PATCH\", options, callback);","  };","","  Client.prototype[\"delete\"] = function(options, callback) {","    return this.execute(\"DELETE\", options, callback);","  };","","  Client.prototype._multiserverHelper = function(servers, options, token, callback) {","    var host, req, reqRespHandler, syncRespHandler;","    host = _.first(servers);","    options.url = \"\" + host + options.path;","    if (token.isAborted()) {","      return;","    }","    if (host == null) {","      if (this._shouldRetry(token)) {","        return this._retry(token, options, callback);","      }","      return this._error(token, callback);","    }","    reqRespHandler = (function(_this) {","      return function(err, resp, body) {","        if (token.isAborted()) {","          return;","        }","        if (_this._isHttpError(err, resp)) {","          token.errors.push({","            server: host,","            httperror: err,","            httpstatus: resp != null ? resp.statusCode : void 0,","            httpbody: resp != null ? resp.body : void 0,","            response: resp,","            timestamp: new Date()","          });","          return _this._multiserverHelper(_.rest(servers), options, token, callback);","        }","        return _this._handleResponse(err, resp, body, callback);","      };","    })(this);","    syncRespHandler = (function(_this) {","      return function(err, body, headers) {","        options.syncdone = true;","        return _this.syncmsg = {","          err: err,","          body: body,","          headers: headers","        };","      };","    })(this);","    if (options.synchronous === true) {","      callback = syncRespHandler;","    }","    req = this._doRequest(options, reqRespHandler);","    token.setRequest(req);","    if (options.synchronous === true && options.syncdone === void 0) {","      options.syncdone = false;","      while (!options.syncdone) {","        deasync.runLoopOnce();","      }","      delete options.syncdone;","      return this.syncmsg;","    } else {","      return req;","    }","  };","","  Client.prototype._doRequest = function(options, reqRespHandler) {","    return request(options, reqRespHandler);","  };","","  Client.prototype._retry = function(token, options, callback) {","    var doRetry, waitTime;","    doRetry = (function(_this) {","      return function() {","        return _this._multiserverHelper(token.servers, options, token, callback);","      };","    })(this);","    waitTime = this._waitTime(token.retries);","    token.retries += 1;","    return setTimeout(doRetry, waitTime);","  };","","  Client.prototype._waitTime = function(retries) {","    if (process.env.RUNNING_UNIT_TESTS === 'true') {","      return 1;","    }","    return 100 * Math.pow(16, retries);","  };","","  Client.prototype._shouldRetry = function(token) {","    return token.retries < token.maxRetries && this._isPossibleLeaderElection(token.errors);","  };","","  Client.prototype._error = function(token, callback) {","    var error;","    error = new Error('All servers returned error');","    error.errors = token.errors;","    error.retries = token.retries;","    if (callback) {","      return callback(error);","    }","  };","","  Client.prototype._isPossibleLeaderElection = function(errors) {","    var checkError;","    checkError = function(e) {","      var ref, ref1, ref2, ref3;","      return ((ref = e != null ? (ref1 = e.httperror) != null ? ref1.code : void 0 : void 0) === 'ECONNREFUSED' || ref === 'ECONNRESET') || ((ref2 = e != null ? (ref3 = e.httpbody) != null ? ref3.errorCode : void 0 : void 0) === 300 || ref2 === 301) || /Not current leader/.test(e != null ? e.httpbody : void 0);","    };","    return (errors != null) && _.every(errors, checkError);","  };","","  Client.prototype._isHttpError = function(err, resp) {","    return err || (((resp != null ? resp.statusCode : void 0) != null) && resp.statusCode >= 500);","  };","","  Client.prototype._handleResponse = function(err, resp, body, callback) {","    var error;","    if (callback == null) {","      return;","    }","    if ((body != null ? body.errorCode : void 0) != null) {","      error = new Error((body != null ? body.message : void 0) || 'Etcd error');","      error.errorCode = body.errorCode;","      error.error = body;","      return callback(error, \"\", (resp != null ? resp.headers : void 0) || {});","    } else {","      return callback(null, body, (resp != null ? resp.headers : void 0) || {});","    }","  };","","  return Client;","","})();","","exports = module.exports = Client;",""],"l":{"2":1,"3":0,"5":1,"7":1,"9":1,"11":1,"18":1,"22":1,"23":1,"24":0,"25":0,"26":0,"27":0,"28":0,"29":0,"30":0,"31":0,"34":1,"35":0,"38":1,"39":0,"42":1,"43":0,"44":0,"45":0,"49":1,"51":1,"53":1,"57":1,"58":1,"59":0,"60":0,"61":0,"62":0,"63":0,"64":0,"65":0,"66":0,"67":0,"68":0,"69":0,"70":0,"71":0,"74":1,"75":0,"76":0,"79":0,"80":0,"81":0,"82":0,"83":0,"84":0,"86":0,"90":1,"91":0,"94":1,"95":0,"98":1,"99":0,"102":1,"103":0,"106":1,"107":0,"110":1,"111":0,"112":0,"113":0,"114":0,"115":0,"117":0,"118":0,"119":0,"121":0,"123":0,"124":0,"125":0,"126":0,"128":0,"129":0,"137":0,"139":0,"142":0,"143":0,"144":0,"145":0,"152":0,"153":0,"155":0,"156":0,"157":0,"158":0,"159":0,"160":0,"162":0,"163":0,"165":0,"169":1,"170":0,"173":1,"174":0,"175":0,"176":0,"177":0,"180":0,"181":0,"182":0,"185":1,"186":0,"187":0,"189":0,"192":1,"193":0,"196":1,"197":0,"198":0,"199":0,"200":0,"201":0,"202":0,"206":1,"207":0,"208":0,"209":0,"210":0,"212":0,"215":1,"216":0,"219":1,"220":0,"221":0,"222":0,"224":0,"225":0,"226":0,"227":0,"228":0,"230":0,"234":1,"238":1}}}